2026-04-26 16:25:09, MOVE, v:1, k:ed@vetbuild, mode:PICK
2026-04-26 16:25:11, EXEC, v:1, k:ed@vetbuild, mode:FULL, rate:0
2026-04-26 16:34:28, EXEC, v:1, k:ed@vetbuild, mode:FULL, rate:0, size:136
2026-04-26 16:34:27, MOVE, v:1, k:ed@vetbuild, mode:EDIT
2026-04-26 16:36:20, EXEC, v:1, k:ed@vetbuild, mode:FULL, rate:0, size:136
2026-04-26 16:39:35, EXEC, v:1, k:ed@vetbuild, mode:FULL, rate:0, size:138
2026-04-26 16:39:53, EXEC, v:1, k:ed@vetbuild, mode:FULL, rate:18, size:138
2026-04-26 16:39:48, MOVE, v:1, k:ed@vetbuild, mode:EDIT
2026-04-26 16:43:13, EXEC, v:1, k:ed@vetbuild, mode:FULL, rate:18, size:142
2026-04-26 16:43:10, MOVE, v:1, k:ed@vetbuild, mode:EDIT
2026-04-26 16:49:03, MOVE, v:1, k:ed@vetbuild, mode:BACK
2026-04-26 16:49:07, MOVE, v:1, k:ed@setbuild, mode:DOWN
2026-04-26 16:49:07, MOVE, v:1, k:ed@setbuild, mode:EDIT
2026-04-26 16:49:07, MOVE, v:1, k:ed@setbuild, mode:EDIT
2026-04-26 16:49:07, MOVE, v:1, k:ed@setbuild, mode:EDIT
2026-04-26 16:49:07, MOVE, v:1, k:ed@setbuild, mode:EDIT
2026-04-26 16:50:03, MOVE, v:1, k:ed@vetbuild, mode:PICK
2026-04-26 16:50:04, EXEC, v:1, k:ed@vetbuild, mode:FULL, rate:18
2026-04-26 16:50:55, MOVE, v:1, k:ed@vetbuild, mode:PICK
2026-04-26 16:50:56, EXEC, v:1, k:ed@vetbuild, mode:FULL, rate:18
2026-04-26 16:53:14, EXEC, v:1, k:ed@vetbuild, mode:FULL, rate:9, size:142
2026-04-26 16:53:12, MOVE, v:1, k:ed@vetbuild, mode:EDIT
2026-04-26 16:57:52, EXEC, v:1, k:ed@vetbuild, mode:FULL, rate:18, size:159
2026-04-26 16:57:50, MOVE, v:1, k:ed@vetbuild, mode:EDIT
2026-04-26 17:01:40, EXEC, v:1, k:ed@vetbuild, mode:FULL, size:162, fail:COMP
2026-04-26 17:01:41, EXEC, v:1, k:ed@vetbuild, mode:FULL, fail:COMP
2026-04-26 17:01:46, EXEC, v:1, k:ed@vetbuild, mode:FULL, fail:COMP
2026-04-26 17:01:47, EXEC, v:1, k:ed@vetbuild, mode:FULL, fail:COMP
2026-04-26 17:01:48, EXEC, v:1, k:ed@vetbuild, mode:FULL, fail:COMP
2026-04-26 17:03:31, EXEC, v:1, k:ed@vetbuild, mode:FULL, rate:18, size:168
2026-04-26 17:03:55, EXEC, v:1, k:ed@vetbuild, mode:FULL, rate:18, size:168
2026-04-26 17:04:39, EXEC, v:1, k:ed@vetbuild, mode:FULL, rate:18, size:175
2026-04-26 17:05:14, EXEC, v:1, k:ed@vetbuild, mode:FULL, rate:27, size:175
2026-04-26 17:05:12, MOVE, v:1, k:ed@vetbuild, mode:EDIT
2026-04-26 17:06:40, EXEC, v:1, k:ed@vetbuild, mode:FULL, rate:36, size:178
2026-04-26 17:09:28, EXEC, v:1, k:ed@vetbuild, mode:FULL, rate:36, size:182
2026-04-26 17:10:03, EXEC, v:1, k:ed@vetbuild, mode:FULL, rate:36, size:182
2026-04-26 17:10:01, MOVE, v:1, k:ed@vetbuild, mode:EDIT
2026-04-26 17:10:57, EXEC, v:1, k:ed@vetbuild, mode:FULL, rate:45, size:181
2026-04-26 17:12:08, EXEC, v:1, k:ed@vetbuild, mode:FULL, size:181, fail:COMP
2026-04-26 17:12:06, MOVE, v:1, k:ed@vetbuild, mode:EDIT
2026-04-26 17:59:31, MOVE, v:1, k:ed@vetbuild, mode:PICK
2026-04-26 17:59:31, EXEC, v:1, k:ed@vetbuild, mode:FULL, fail:COMP
2026-04-26 17:59:32, EXEC, v:1, k:ed@vetbuild, mode:FULL, fail:COMP
2026-04-26 18:00:17, EXEC, v:1, k:ed@vetbuild, mode:FULL, size:181, fail:COMP
2026-04-26 18:00:18, EXEC, v:1, k:ed@vetbuild, mode:FULL, fail:COMP
2026-04-26 18:00:19, EXEC, v:1, k:ed@vetbuild, mode:FULL, fail:COMP
2026-04-26 18:00:34, EXEC, v:1, k:ed@vetbuild, mode:FULL, rate:45, size:181
2026-04-26 18:01:05, EXEC, v:1, k:ed@vetbuild, mode:FULL, size:181, fail:COMP
2026-04-26 18:01:06, EXEC, v:1, k:ed@vetbuild, mode:FULL, fail:COMP
2026-04-26 18:01:15, EXEC, v:1, k:ed@vetbuild, mode:FULL, size:181, fail:COMP
2026-04-26 18:01:15, EXEC, v:1, k:ed@vetbuild, mode:FULL, size:181, fail:COMP
2026-04-26 18:04:19, EXEC, v:1, k:ed@vetbuild, mode:FULL, size:189, fail:COMP
2026-04-26 18:04:20, EXEC, v:1, k:ed@vetbuild, mode:FULL, fail:COMP
2026-04-26 18:04:17, MOVE, v:1, k:ed@vetbuild, mode:EDIT
2026-04-26 18:05:58, EXEC, v:1, k:ed@vetbuild, mode:FULL, rate:45, size:188
2026-04-26 18:06:28, EXEC, v:1, k:ed@vetbuild, mode:FULL, rate:54, size:188
2026-04-26 18:07:12, EXEC, v:1, k:ed@vetbuild, mode:FULL, size:188, fail:COMP
2026-04-26 18:07:10, MOVE, v:1, k:ed@vetbuild, mode:EDIT
2026-04-26 18:11:19, EXEC, v:1, k:ed@vetbuild, mode:FULL, size:195, fail:COMP
2026-04-26 18:11:30, EXEC, v:1, k:ed@vetbuild, mode:FULL, size:195, fail:COMP
2026-04-26 18:14:18, EXEC, v:1, k:ed@vetbuild, mode:FULL, fail:COMP
2026-04-26 18:14:18, EXEC, v:1, k:ed@vetbuild, mode:FULL, fail:COMP
2026-04-26 18:11:28, MOVE, v:1, k:ed@vetbuild, mode:EDIT
2026-04-26 18:15:03, EXEC, v:1, k:ed@vetbuild, mode:FULL, rate:72, size:212
2026-04-26 18:16:43, EXEC, v:1, k:ed@vetbuild, mode:FULL, size:235, fail:COMP
2026-04-26 18:16:53, EXEC, v:1, k:ed@vetbuild, mode:FULL, size:235, fail:COMP
2026-04-26 18:16:54, EXEC, v:1, k:ed@vetbuild, mode:FULL, fail:COMP
2026-04-26 18:19:13, MOVE, v:1, k:ed@vetbuild, mode:PICK
2026-04-26 18:19:14, EXEC, v:1, k:ed@vetbuild, mode:FULL, fail:COMP
2026-04-26 18:20:05, EXEC, v:1, k:ed@vetbuild, mode:FULL, rate:81, size:224
2026-04-26 18:20:03, MOVE, v:1, k:ed@vetbuild, mode:EDIT
2026-04-26 18:24:40, EXEC, v:1, k:ed@vetbuild, mode:FULL, size:232, fail:COMP
2026-04-26 18:25:27, EXEC, v:1, k:ed@vetbuild, mode:FULL, rate:81, size:233
2026-04-26 18:27:27, EXEC, v:1, k:ed@vetbuild, mode:FULL, size:242, fail:COMP
2026-04-26 18:28:05, EXEC, v:1, k:ed@vetbuild, mode:FULL, rate:90, size:242
2026-04-26 18:28:18, EXEC, v:1, k:ed@vetbuild, mode:FULL, size:242, fail:COMP
2026-04-26 18:28:16, MOVE, v:1, k:ed@vetbuild, mode:EDIT
2026-04-26 18:29:24, MOVE, v:1, k:ed@vetbuild, mode:BACK
2026-04-26 18:30:35, MOVE, v:1, k:ed@bettersearch, mode:DOWN
2026-04-26 18:30:37, MOVE, v:1, k:ed@multiset, mode:DOWN
