2026-03-17 08:17:42, MOVE, v:1, k:ed@casais, mode:DOWN
2026-03-17 08:18:29, MOVE, v:1, k:ed@pintando, mode:PICK
2026-03-17 08:18:53, EXEC, v:1, k:ed@pintando, mode:FULL, rate:100
2026-03-17 08:20:02, SELF, v:1, k:ed@pintando, self:1, rate:100, study:25, concept:1
2026-03-17 08:20:05, MOVE, v:1, k:ed@pintando, mode:BACK
2026-03-17 08:20:10, MOVE, v:1, k:ed@mumia, mode:PICK
2026-03-17 08:20:13, EXEC, v:1, k:ed@mumia, mode:FULL, rate:100
2026-03-17 08:20:14, MOVE, v:1, k:ed@mumia, mode:BACK
2026-03-17 08:20:16, MOVE, v:1, k:ed@mumia, mode:PICK
2026-03-17 08:20:16, EXEC, v:1, k:ed@mumia, mode:FULL, rate:100
2026-03-17 08:20:42, SELF, v:1, k:ed@mumia, self:1, rate:100, study:25, concept:1, debug:1
2026-03-17 08:20:44, MOVE, v:1, k:ed@mumia, mode:BACK
2026-03-17 08:20:46, MOVE, v:1, k:ed@fuga, mode:PICK
2026-03-17 08:20:48, EXEC, v:1, k:ed@fuga, mode:FULL, rate:100
2026-03-17 08:20:48, EXEC, v:1, k:ed@fuga, mode:FULL, rate:100
2026-03-17 08:21:14, SELF, v:1, k:ed@fuga, self:1, rate:100, study:35, concept:1, problem:1, code:1
2026-03-17 08:21:16, MOVE, v:1, k:ed@fuga, mode:BACK
2026-03-17 08:21:18, MOVE, v:1, k:ed@pedra, mode:PICK
2026-03-17 08:21:19, EXEC, v:1, k:ed@pedra, mode:FULL, rate:100
2026-03-17 08:21:44, SELF, v:1, k:ed@pedra, self:1, rate:100, study:30, code:1
2026-03-17 08:21:48, MOVE, v:1, k:ed@pedra, mode:BACK
2026-03-17 08:22:00, MOVE, v:1, k:ed@casais, mode:PICK
2026-03-17 08:32:37, EXEC, v:1, k:ed@casais, mode:FULL, size:30, fail:COMP
2026-03-17 08:34:58, EXEC, v:1, k:ed@casais, mode:FULL, rate:25, size:32
2026-03-17 08:41:46, EXEC, v:1, k:ed@casais, mode:FULL, rate:0, size:24
2026-03-17 08:41:56, EXEC, v:1, k:ed@casais, mode:FULL, rate:0
2026-03-17 08:41:58, MOVE, v:1, k:ed@casais, mode:BACK
2026-03-17 08:42:01, MOVE, v:1, k:ed@casais, mode:PICK
2026-03-17 08:42:02, EXEC, v:1, k:ed@casais, mode:FULL, rate:0
2026-03-17 08:42:03, EXEC, v:1, k:ed@casais, mode:FULL, rate:0
2026-03-17 08:42:41, EXEC, v:1, k:ed@casais, mode:FULL, rate:0, size:24
2026-03-17 08:42:41, EXEC, v:1, k:ed@casais, mode:FULL, rate:0, size:24
2026-03-17 08:42:42, EXEC, v:1, k:ed@casais, mode:FULL, rate:0, size:24
2026-03-17 08:42:42, EXEC, v:1, k:ed@casais, mode:FULL, rate:0, size:24
2026-03-17 08:42:42, EXEC, v:1, k:ed@casais, mode:FULL, rate:0, size:24
2026-03-17 08:42:42, EXEC, v:1, k:ed@casais, mode:FULL, rate:0, size:24
2026-03-17 08:43:31, EXEC, v:1, k:ed@casais, mode:FULL, size:25, fail:COMP
2026-03-17 08:43:43, EXEC, v:1, k:ed@casais, mode:FULL, rate:0, size:25
2026-03-17 08:44:32, EXEC, v:1, k:ed@casais, mode:FULL, rate:0, size:25
2026-03-17 08:44:33, EXEC, v:1, k:ed@casais, mode:FULL, rate:0
2026-03-17 08:44:34, EXEC, v:1, k:ed@casais, mode:FULL, rate:0
2026-03-17 08:44:34, EXEC, v:1, k:ed@casais, mode:FULL, rate:0
2026-03-17 08:44:34, EXEC, v:1, k:ed@casais, mode:FULL, rate:0
2026-03-17 08:44:53, EXEC, v:1, k:ed@casais, mode:FULL, rate:0, size:27
2026-03-17 08:44:54, EXEC, v:1, k:ed@casais, mode:FULL, rate:0
2026-03-17 08:44:55, EXEC, v:1, k:ed@casais, mode:FULL, rate:0
2026-03-17 08:45:34, EXEC, v:1, k:ed@casais, mode:FULL, rate:100, size:30
2026-03-17 08:45:37, EXEC, v:1, k:ed@casais, mode:FULL, rate:100
2026-03-17 08:45:38, EXEC, v:1, k:ed@casais, mode:FULL, rate:100
2026-03-17 08:46:14, EXEC, v:1, k:ed@casais, mode:FULL, rate:50, size:29
2026-03-17 08:46:30, EXEC, v:1, k:ed@casais, mode:FULL, rate:100, size:29
2026-03-17 08:46:38, MOVE, v:1, k:ed@casais, mode:BACK
2026-03-17 08:46:43, MOVE, v:1, k:ed@casais, mode:PICK
2026-03-17 08:46:45, EXEC, v:1, k:ed@casais, mode:FULL, rate:100
2026-03-17 08:47:18, SELF, v:1, k:ed@casais, self:1, rate:100, study:25, concept:1, code:1
2026-03-17 08:47:19, EXEC, v:1, k:ed@casais, mode:FULL, rate:100
2026-03-17 08:47:20, EXEC, v:1, k:ed@casais, mode:FULL, rate:100
2026-03-17 08:47:29, MOVE, v:1, k:ed@casais, mode:BACK
2026-03-17 08:47:42, MOVE, v:1, k:ed@baruel, mode:DOWN
2026-03-17 08:47:44, MOVE, v:1, k:ed@baruel, mode:PICK
2026-03-17 08:48:53, MOVE, v:1, k:ed@baruel, mode:BACK
2026-03-17 09:08:49, MOVE, v:1, k:ed@casais, mode:PICK
2026-03-17 09:08:50, EXEC, v:1, k:ed@casais, mode:FULL, rate:100
2026-03-17 09:09:06, SELF, v:1, k:ed@casais, self:1, rate:100, study:25, code:1
2026-03-17 09:09:08, EXEC, v:1, k:ed@casais, mode:FULL, rate:100
2026-03-17 09:09:08, EXEC, v:1, k:ed@casais, mode:FULL, rate:100
2026-03-17 09:09:09, EXEC, v:1, k:ed@casais, mode:FULL, rate:100
2026-03-17 09:09:11, MOVE, v:1, k:ed@casais, mode:BACK
2026-03-17 09:09:19, MOVE, v:1, k:ed@casais, mode:PICK
2026-03-17 09:09:20, EXEC, v:1, k:ed@casais, mode:FULL, rate:100
2026-03-17 09:09:28, EXEC, v:1, k:ed@casais, mode:FULL, rate:100
2026-03-17 09:09:29, MOVE, v:1, k:ed@casais, mode:BACK
2026-03-17 09:09:38, MOVE, v:1, k:ed@casais, mode:PICK
2026-03-17 09:09:40, EXEC, v:1, k:ed@casais, mode:FULL, rate:100
2026-03-17 09:09:47, SELF, v:1, k:ed@casais, self:1, rate:100, study:25
2026-03-17 09:09:48, EXEC, v:1, k:ed@casais, mode:FULL, rate:100
2026-03-17 09:09:49, EXEC, v:1, k:ed@casais, mode:FULL, rate:100
2026-03-17 09:09:50, EXEC, v:1, k:ed@casais, mode:FULL, rate:100
2026-03-17 09:09:50, MOVE, v:1, k:ed@casais, mode:BACK
2026-03-17 09:09:53, MOVE, v:1, k:ed@casais, mode:PICK
2026-03-17 09:09:55, EXEC, v:1, k:ed@casais, mode:FULL, rate:100
2026-03-17 09:10:05, SELF, v:1, k:ed@casais, self:1, rate:100, study:25, code:1
2026-03-17 09:10:06, EXEC, v:1, k:ed@casais, mode:FULL, rate:100
2026-03-17 09:10:07, EXEC, v:1, k:ed@casais, mode:FULL, rate:100
2026-03-17 09:10:07, EXEC, v:1, k:ed@casais, mode:FULL, rate:100
2026-03-17 09:10:08, MOVE, v:1, k:ed@casais, mode:BACK
2026-03-17 09:10:14, MOVE, v:1, k:ed@pedra, mode:PICK
2026-03-17 09:10:15, EXEC, v:1, k:ed@pedra, mode:FULL, rate:100
2026-03-17 09:10:16, EXEC, v:1, k:ed@pedra, mode:FULL, rate:100
2026-03-17 09:10:16, EXEC, v:1, k:ed@pedra, mode:FULL, rate:100
2026-03-17 09:10:26, MOVE, v:1, k:ed@pedra, mode:BACK
2026-03-17 09:10:29, MOVE, v:1, k:ed@casais, mode:PICK
2026-03-17 09:10:30, EXEC, v:1, k:ed@casais, mode:FULL, rate:100
2026-03-17 09:10:31, EXEC, v:1, k:ed@casais, mode:FULL, rate:100
2026-03-17 09:10:31, EXEC, v:1, k:ed@casais, mode:FULL, rate:100
2026-03-17 09:10:32, MOVE, v:1, k:ed@casais, mode:BACK
2026-03-17 09:10:35, MOVE, v:1, k:ed@casais, mode:PICK
2026-03-17 09:10:37, EXEC, v:1, k:ed@casais, mode:FULL, rate:100
2026-03-17 09:10:38, MOVE, v:1, k:ed@casais, mode:BACK
2026-03-17 09:10:42, MOVE, v:1, k:ed@pedra, mode:PICK
2026-03-17 09:10:43, EXEC, v:1, k:ed@pedra, mode:FULL, rate:100
2026-03-17 09:10:44, EXEC, v:1, k:ed@pedra, mode:FULL, rate:100
2026-03-17 09:10:54, MOVE, v:1, k:ed@pedra, mode:BACK
2026-03-17 09:11:07, MOVE, v:1, k:ed@baruel, mode:PICK
2026-03-17 09:11:09, EXEC, v:1, k:ed@baruel, mode:FULL, rate:0, size:5
2026-03-17 09:11:10, EXEC, v:1, k:ed@baruel, mode:FULL, rate:0
2026-03-17 09:11:10, EXEC, v:1, k:ed@baruel, mode:FULL, rate:0
2026-03-17 09:11:17, MOVE, v:1, k:ed@baruel, mode:BACK
2026-03-17 09:26:31, MOVE, v:1, k:ed@baruel, mode:PICK
2026-03-17 09:26:32, EXEC, v:1, k:ed@baruel, mode:FULL, rate:0, size:33
2026-03-17 09:26:59, EXEC, v:1, k:ed@baruel, mode:FULL, rate:0, size:33
2026-03-17 09:27:00, EXEC, v:1, k:ed@baruel, mode:FULL, rate:0
2026-03-17 09:28:04, EXEC, v:1, k:ed@baruel, mode:FULL, rate:0, size:34
2026-03-17 09:28:05, EXEC, v:1, k:ed@baruel, mode:FULL, rate:0
2026-03-17 09:28:05, EXEC, v:1, k:ed@baruel, mode:FULL, rate:0
2026-03-17 09:30:34, MOVE, v:1, k:ed@baruel, mode:PICK
2026-03-17 09:30:35, EXEC, v:1, k:ed@baruel, mode:FULL, rate:0, size:34
2026-03-17 09:31:06, EXEC, v:1, k:ed@baruel, mode:FULL, rate:0, size:35
2026-03-17 09:31:23, EXEC, v:1, k:ed@baruel, mode:FULL, rate:0, size:35
2026-03-17 09:32:07, EXEC, v:1, k:ed@baruel, mode:FULL, rate:0, size:35
2026-03-17 09:32:08, EXEC, v:1, k:ed@baruel, mode:FULL, rate:0
2026-03-17 09:34:15, EXEC, v:1, k:ed@baruel, mode:FULL, rate:0, size:30
2026-03-17 09:34:17, EXEC, v:1, k:ed@baruel, mode:FULL, rate:0
2026-03-17 10:21:46, MOVE, v:1, k:ed@baruel, mode:BACK
2026-03-17 10:22:20, MOVE, v:1, k:ed@gomos, mode:DOWN
2026-03-17 10:27:33, MOVE, v:1, k:ed@gomos, mode:PICK
2026-03-17 10:27:34, EXEC, v:1, k:ed@gomos, mode:FULL, rate:0, size:5
2026-03-17 10:27:35, MOVE, v:1, k:ed@gomos, mode:BACK
