2026-04-06 17:24:25, MOVE, v:1, k:ed@triangulo, mode:PICK
2026-04-06 17:24:33, EXEC, v:1, k:ed@triangulo, mode:FULL, rate:0
2026-04-06 17:24:37, MOVE, v:1, k:ed@triangulo, mode:BACK
2026-04-06 17:24:40, MOVE, v:1, k:ed@triangulo, mode:PICK
2026-04-06 17:24:42, EXEC, v:1, k:ed@triangulo, mode:FULL, rate:0
2026-04-06 17:35:05, EXEC, v:1, k:ed@triangulo, mode:FULL, rate:100, size:58
2026-04-06 17:37:56, MOVE, v:1, k:ed@triangulo, mode:BACK
2026-04-06 17:37:59, MOVE, v:1, k:ed@triangulo, mode:PICK
2026-04-06 17:38:02, EXEC, v:1, k:ed@triangulo, mode:FULL, rate:100
2026-04-06 17:38:03, MOVE, v:1, k:ed@triangulo, mode:BACK
2026-04-06 17:38:06, MOVE, v:1, k:ed@treinando, mode:DOWN
2026-04-06 17:46:29, MOVE, v:1, k:ed@treinando, mode:PICK
2026-04-06 17:46:29, EXEC, v:1, k:ed@treinando, mode:FULL, size:89, fail:COMP
2026-04-06 17:46:30, EXEC, v:1, k:ed@treinando, mode:FULL, fail:COMP
2026-04-06 17:46:31, EXEC, v:1, k:ed@treinando, mode:FULL, fail:COMP
2026-04-06 17:53:30, EXEC, v:1, k:ed@treinando, mode:FULL, size:91, fail:COMP
2026-04-06 17:53:31, EXEC, v:1, k:ed@treinando, mode:FULL, fail:COMP
2026-04-06 17:54:35, EXEC, v:1, k:ed@treinando, mode:FULL, rate:0, size:91
2026-04-06 17:58:44, EXEC, v:1, k:ed@treinando, mode:FULL, rate:16, size:93
2026-04-06 17:58:46, EXEC, v:1, k:ed@treinando, mode:FULL, rate:16
2026-04-06 17:58:47, EXEC, v:1, k:ed@treinando, mode:FULL, rate:16
2026-04-06 17:58:48, EXEC, v:1, k:ed@treinando, mode:FULL, rate:16
2026-04-06 17:59:59, EXEC, v:1, k:ed@treinando, mode:FULL, rate:33, size:95
2026-04-06 18:00:00, EXEC, v:1, k:ed@treinando, mode:FULL, rate:33
2026-04-06 18:00:01, EXEC, v:1, k:ed@treinando, mode:FULL, rate:33
2026-04-06 18:00:01, EXEC, v:1, k:ed@treinando, mode:FULL, rate:33
2026-04-06 18:05:25, EXEC, v:1, k:ed@treinando, mode:FULL, rate:33, size:101
2026-04-06 18:05:26, EXEC, v:1, k:ed@treinando, mode:FULL, rate:33
2026-04-06 18:08:01, MOVE, v:1, k:ed@treinando, mode:BACK
2026-04-06 18:08:03, MOVE, v:1, k:ed@resto, mode:DOWN
2026-04-06 18:16:33, MOVE, v:1, k:ed@resto, mode:PICK
2026-04-06 18:16:34, EXEC, v:1, k:ed@resto, mode:FULL, rate:100, size:21
2026-04-06 18:16:47, MOVE, v:1, k:ed@resto, mode:BACK
2026-04-06 18:16:56, MOVE, v:1, k:ed@mdc, mode:DOWN
2026-04-06 18:22:05, MOVE, v:1, k:ed@mdc, mode:PICK
2026-04-06 18:22:19, MOVE, v:1, k:ed@mdc, mode:BACK
2026-04-06 18:22:22, MOVE, v:1, k:ed@resto, mode:PICK
2026-04-06 18:23:51, EXEC, v:1, k:ed@resto, mode:FULL, rate:100
2026-04-06 18:23:51, EXEC, v:1, k:ed@resto, mode:FULL, rate:100
2026-04-06 18:23:52, MOVE, v:1, k:ed@resto, mode:BACK
2026-04-06 18:23:59, MOVE, v:1, k:ed@resto, mode:PICK
2026-04-06 18:24:04, MOVE, v:1, k:ed@resto, mode:BACK
2026-04-06 18:24:07, MOVE, v:1, k:ed@mdc, mode:PICK
2026-04-06 18:25:37, EXEC, v:1, k:ed@mdc, mode:FULL, rate:100, size:18
2026-04-06 18:25:38, EXEC, v:1, k:ed@mdc, mode:FULL, rate:100
2026-04-06 18:25:48, MOVE, v:1, k:ed@mdc, mode:BACK
2026-04-06 18:26:22, MOVE, v:1, k:ed@labirinto, mode:DOWN
2026-04-06 18:27:13, MOVE, v:1, k:ed@eh_primo, mode:DOWN
2026-04-06 18:32:34, MOVE, v:1, k:ed@eh_primo, mode:PICK
2026-04-06 18:32:38, EXEC, v:1, k:ed@eh_primo, mode:FULL, rate:44, size:28
2026-04-06 18:33:01, EXEC, v:1, k:ed@eh_primo, mode:FULL, rate:100, size:28
2026-04-06 18:33:03, EXEC, v:1, k:ed@eh_primo, mode:FULL, rate:100
2026-04-06 18:33:04, MOVE, v:1, k:ed@eh_primo, mode:BACK
2026-04-06 18:33:12, MOVE, v:1, k:ed@eh_primo, mode:PICK
2026-04-06 18:34:30, EXEC, v:1, k:ed@eh_primo, mode:FULL, rate:100
2026-04-06 18:34:59, EXEC, v:1, k:ed@eh_primo, mode:FULL, size:0, fail:COMP
2026-04-06 18:35:00, EXEC, v:1, k:ed@eh_primo, mode:FULL, fail:COMP
2026-04-06 18:35:00, EXEC, v:1, k:ed@eh_primo, mode:FULL, fail:COMP
2026-04-06 18:35:01, EXEC, v:1, k:ed@eh_primo, mode:FULL, fail:COMP
2026-04-06 18:35:01, EXEC, v:1, k:ed@eh_primo, mode:FULL, fail:COMP
2026-04-06 18:35:01, EXEC, v:1, k:ed@eh_primo, mode:FULL, fail:COMP
2026-04-06 18:35:01, EXEC, v:1, k:ed@eh_primo, mode:FULL, fail:COMP
2026-04-06 18:35:02, EXEC, v:1, k:ed@eh_primo, mode:FULL, fail:COMP
2026-04-06 18:37:02, EXEC, v:1, k:ed@eh_primo, mode:FULL, rate:100, size:28
2026-04-06 18:37:03, MOVE, v:1, k:ed@eh_primo, mode:BACK
2026-04-06 18:37:07, MOVE, v:1, k:ed@eh_primo, mode:PICK
2026-04-06 18:37:08, EXEC, v:1, k:ed@eh_primo, mode:FULL, rate:100
2026-04-06 18:37:08, EXEC, v:1, k:ed@eh_primo, mode:FULL, rate:100
2026-04-06 18:37:09, MOVE, v:1, k:ed@eh_primo, mode:BACK
2026-04-06 18:37:51, MOVE, v:1, k:ed@vetequals, mode:DOWN
2026-04-06 18:38:45, MOVE, v:1, k:ed@vetequals, mode:PICK
2026-04-06 18:43:58, EXEC, v:1, k:ed@vetequals, mode:FULL, rate:70, size:49
2026-04-06 18:44:00, EXEC, v:1, k:ed@vetequals, mode:FULL, rate:70
2026-04-06 18:44:02, MOVE, v:1, k:ed@vetequals, mode:BACK
