2026-04-09 18:18:01, MOVE, v:1, k:ed@fractais_png, mode:PICK
2026-04-09 18:18:06, EXEC, v:1, k:ed@fractais_png, mode:LOCK, rate:100, size:131
2026-04-09 18:18:07, EXEC, v:1, k:ed@fractais_png, mode:LOCK, rate:100
2026-04-09 18:18:07, EXEC, v:1, k:ed@fractais_png, mode:LOCK, rate:100
2026-04-09 18:18:20, EXEC, v:1, k:ed@fractais_png, mode:LOCK, rate:100, size:131
2026-04-09 18:18:31, EXEC, v:1, k:ed@fractais_png, mode:LOCK, rate:100, size:131
2026-04-09 18:20:39, EXEC, v:1, k:ed@fractais_png, mode:LOCK, rate:100, size:137
2026-04-09 18:22:57, EXEC, v:1, k:ed@fractais_png, mode:LOCK, rate:100, size:137
2026-04-09 18:23:38, EXEC, v:1, k:ed@fractais_png, mode:LOCK, rate:100, size:153
2026-04-09 18:23:51, EXEC, v:1, k:ed@fractais_png, mode:LOCK, rate:100
2026-04-09 18:24:38, EXEC, v:1, k:ed@fractais_png, mode:LOCK, rate:100, size:153
2026-04-09 18:25:09, EXEC, v:1, k:ed@fractais_png, mode:LOCK, rate:100, size:131
2026-04-09 19:06:04, EXEC, v:1, k:ed@fractais_png, mode:FULL, size:158, fail:COMP
2026-04-09 19:07:17, EXEC, v:1, k:ed@fractais_png, mode:LOCK, rate:100, size:149
2026-04-09 19:08:13, EXEC, v:1, k:ed@fractais_png, mode:LOCK, rate:100, size:134
2026-04-09 19:09:06, EXEC, v:1, k:ed@fractais_png, mode:LOCK, rate:100, size:141
2026-04-09 19:09:29, EXEC, v:1, k:ed@fractais_png, mode:LOCK, rate:100, size:141
2026-04-09 19:09:38, EXEC, v:1, k:ed@fractais_png, mode:LOCK, rate:100, size:142
2026-04-09 19:09:49, EXEC, v:1, k:ed@fractais_png, mode:LOCK, rate:100, size:142
2026-04-09 19:10:01, EXEC, v:1, k:ed@fractais_png, mode:LOCK, rate:100, size:142
2026-04-09 19:10:12, EXEC, v:1, k:ed@fractais_png, mode:LOCK, rate:100, size:142
2026-04-09 19:10:20, EXEC, v:1, k:ed@fractais_png, mode:LOCK, rate:100, size:142
2026-04-09 19:10:30, EXEC, v:1, k:ed@fractais_png, mode:LOCK, rate:100, size:142
2026-04-09 19:10:50, EXEC, v:1, k:ed@fractais_png, mode:LOCK, rate:100, size:142
2026-04-09 19:11:05, EXEC, v:1, k:ed@fractais_png, mode:LOCK, rate:100, size:142
2026-04-09 19:11:17, EXEC, v:1, k:ed@fractais_png, mode:LOCK, rate:100, size:142
2026-04-09 19:11:28, EXEC, v:1, k:ed@fractais_png, mode:LOCK, rate:100, size:142
2026-04-09 19:11:40, EXEC, v:1, k:ed@fractais_png, mode:LOCK, rate:100, size:142
2026-04-09 19:11:53, EXEC, v:1, k:ed@fractais_png, mode:LOCK, rate:100
2026-04-09 19:12:56, EXEC, v:1, k:ed@fractais_png, mode:LOCK, rate:100, size:142
2026-04-09 19:13:36, EXEC, v:1, k:ed@fractais_png, mode:LOCK, rate:100, size:143
2026-04-09 19:13:44, EXEC, v:1, k:ed@fractais_png, mode:LOCK, rate:100, size:143
2026-04-09 19:14:03, EXEC, v:1, k:ed@fractais_png, mode:LOCK, rate:100, size:143
2026-04-09 19:15:25, EXEC, v:1, k:ed@fractais_png, mode:LOCK, rate:100, size:143
2026-04-09 19:16:03, EXEC, v:1, k:ed@fractais_png, mode:LOCK, rate:100, size:143
2026-04-09 19:16:29, EXEC, v:1, k:ed@fractais_png, mode:LOCK, rate:100, size:143
2026-04-09 19:17:17, EXEC, v:1, k:ed@fractais_png, mode:LOCK, rate:100, size:143
2026-04-09 19:18:33, EXEC, v:1, k:ed@fractais_png, mode:LOCK, rate:100, size:135
2026-04-09 19:18:42, EXEC, v:1, k:ed@fractais_png, mode:LOCK, rate:100, size:135
2026-04-09 19:18:53, EXEC, v:1, k:ed@fractais_png, mode:LOCK, rate:100, size:135
2026-04-09 19:19:02, EXEC, v:1, k:ed@fractais_png, mode:LOCK, rate:100, size:135
2026-04-09 19:19:15, EXEC, v:1, k:ed@fractais_png, mode:LOCK, rate:100, size:132
2026-04-09 19:19:18, EXEC, v:1, k:ed@fractais_png, mode:LOCK, rate:100
2026-04-09 19:20:47, EXEC, v:1, k:ed@fractais_png, mode:LOCK, rate:100, size:133
2026-04-09 19:20:58, EXEC, v:1, k:ed@fractais_png, mode:LOCK, rate:100, size:133
2026-04-09 19:21:12, EXEC, v:1, k:ed@fractais_png, mode:LOCK, rate:100, size:133
2026-04-09 19:21:22, EXEC, v:1, k:ed@fractais_png, mode:LOCK, rate:100
2026-04-09 19:21:26, EXEC, v:1, k:ed@fractais_png, mode:LOCK, rate:100
2026-04-09 19:21:30, EXEC, v:1, k:ed@fractais_png, mode:LOCK, rate:100, size:133
2026-04-09 19:21:44, EXEC, v:1, k:ed@fractais_png, mode:LOCK, rate:100, size:133
2026-04-09 19:22:00, EXEC, v:1, k:ed@fractais_png, mode:LOCK, rate:100, size:133
2026-04-09 19:22:38, EXEC, v:1, k:ed@fractais_png, mode:LOCK, rate:100, size:133
2026-04-09 19:23:03, EXEC, v:1, k:ed@fractais_png, mode:LOCK, rate:100, size:133
2026-04-09 19:23:49, EXEC, v:1, k:ed@fractais_png, mode:LOCK, rate:100, size:133
2026-04-09 19:24:04, EXEC, v:1, k:ed@fractais_png, mode:LOCK, rate:100, size:133
2026-04-09 19:24:53, EXEC, v:1, k:ed@fractais_png, mode:LOCK, rate:0, size:133
2026-04-09 19:25:19, EXEC, v:1, k:ed@fractais_png, mode:LOCK, rate:0, size:133
2026-04-09 19:25:27, EXEC, v:1, k:ed@fractais_png, mode:LOCK, rate:100, size:133
2026-04-09 19:25:47, EXEC, v:1, k:ed@fractais_png, mode:LOCK, rate:100
2026-04-09 19:26:27, MOVE, v:1, k:ed@fractais_png, mode:BACK
2026-04-09 19:34:02, MOVE, v:1, k:ed@fractais_png, mode:PICK
2026-04-09 19:34:05, EXEC, v:1, k:ed@fractais_png, mode:LOCK, rate:0, size:134
2026-04-09 19:34:23, EXEC, v:1, k:ed@fractais_png, mode:LOCK, rate:0, size:134
2026-04-09 19:35:33, EXEC, v:1, k:ed@fractais_png, mode:LOCK, rate:100, size:134
2026-04-09 19:35:53, EXEC, v:1, k:ed@fractais_png, mode:LOCK, rate:100, size:134
2026-04-09 19:36:23, EXEC, v:1, k:ed@fractais_png, mode:LOCK, rate:100, size:134
2026-04-09 19:36:40, EXEC, v:1, k:ed@fractais_png, mode:LOCK, rate:100, size:134
2026-04-09 19:39:43, EXEC, v:1, k:ed@fractais_png, mode:LOCK, rate:100, size:134
2026-04-09 19:42:40, EXEC, v:1, k:ed@fractais_png, mode:LOCK, rate:100, size:138
2026-04-09 19:42:55, EXEC, v:1, k:ed@fractais_png, mode:LOCK, rate:100, size:138
2026-04-09 19:43:09, EXEC, v:1, k:ed@fractais_png, mode:LOCK, rate:100, size:138
2026-04-09 19:43:23, EXEC, v:1, k:ed@fractais_png, mode:LOCK, rate:100, size:138
2026-04-09 19:43:37, EXEC, v:1, k:ed@fractais_png, mode:LOCK, rate:100, size:138
2026-04-09 19:45:45, MOVE, v:1, k:ed@fractais_png, mode:PICK
2026-04-09 19:45:47, EXEC, v:1, k:ed@fractais_png, mode:LOCK, rate:100, size:138
2026-04-09 19:48:01, EXEC, v:1, k:ed@fractais_png, mode:LOCK, rate:100, size:144
2026-04-09 19:48:10, EXEC, v:1, k:ed@fractais_png, mode:LOCK, rate:100
2026-04-09 19:48:32, EXEC, v:1, k:ed@fractais_png, mode:LOCK, rate:100, size:141
2026-04-09 19:50:07, EXEC, v:1, k:ed@fractais_png, mode:LOCK, rate:100, size:138
2026-04-09 19:52:07, EXEC, v:1, k:ed@fractais_png, mode:LOCK, rate:100, size:138
2026-04-09 19:52:33, EXEC, v:1, k:ed@fractais_png, mode:FULL, size:140, fail:COMP
2026-04-09 19:52:39, EXEC, v:1, k:ed@fractais_png, mode:FULL, fail:COMP
2026-04-09 19:52:40, EXEC, v:1, k:ed@fractais_png, mode:FULL, fail:COMP
2026-04-09 19:52:43, EXEC, v:1, k:ed@fractais_png, mode:FULL, fail:COMP
2026-04-09 19:52:44, EXEC, v:1, k:ed@fractais_png, mode:FULL, fail:COMP
2026-04-09 19:52:49, EXEC, v:1, k:ed@fractais_png, mode:LOCK, rate:100, size:138
2026-04-09 19:53:42, EXEC, v:1, k:ed@fractais_png, mode:LOCK, rate:100, size:138
2026-04-09 19:55:46, EXEC, v:1, k:ed@fractais_png, mode:LOCK, rate:100, size:143
2026-04-09 19:56:10, EXEC, v:1, k:ed@fractais_png, mode:LOCK, rate:100, size:143
2026-04-09 19:56:17, EXEC, v:1, k:ed@fractais_png, mode:LOCK, rate:100
2026-04-09 19:56:33, EXEC, v:1, k:ed@fractais_png, mode:LOCK, rate:100, size:143
2026-04-09 19:56:45, EXEC, v:1, k:ed@fractais_png, mode:LOCK, rate:100, size:143
2026-04-09 19:57:55, EXEC, v:1, k:ed@fractais_png, mode:LOCK, rate:100, size:143
2026-04-09 19:59:17, EXEC, v:1, k:ed@fractais_png, mode:LOCK, rate:100, size:149
2026-04-09 19:59:25, EXEC, v:1, k:ed@fractais_png, mode:LOCK, rate:100
2026-04-09 19:59:33, EXEC, v:1, k:ed@fractais_png, mode:LOCK, rate:100, size:149
2026-04-09 19:59:38, EXEC, v:1, k:ed@fractais_png, mode:LOCK, rate:100
2026-04-09 19:59:39, EXEC, v:1, k:ed@fractais_png, mode:LOCK, rate:100
2026-04-09 19:59:48, EXEC, v:1, k:ed@fractais_png, mode:LOCK, rate:100, size:149
2026-04-09 19:59:58, EXEC, v:1, k:ed@fractais_png, mode:LOCK, rate:100, size:149
2026-04-09 20:00:40, EXEC, v:1, k:ed@fractais_png, mode:LOCK, rate:100, size:149
2026-04-09 20:00:49, EXEC, v:1, k:ed@fractais_png, mode:LOCK, rate:100, size:149
2026-04-09 20:01:05, EXEC, v:1, k:ed@fractais_png, mode:LOCK, rate:100, size:149
2026-04-09 20:01:18, EXEC, v:1, k:ed@fractais_png, mode:LOCK, rate:100, size:149
2026-04-09 20:02:09, EXEC, v:1, k:ed@fractais_png, mode:LOCK, rate:100, size:134
2026-04-09 20:02:12, MOVE, v:1, k:ed@fractais_png, mode:BACK
2026-04-09 20:02:24, MOVE, v:1, k:ed@fractais_png, mode:PICK
2026-04-09 20:02:25, MOVE, v:1, k:ed@fractais_png, mode:BACK
