2026-04-01 10:22:59, MOVE, v:1, k:ed@fractais_png, mode:DOWN
2026-04-01 10:23:25, MOVE, v:1, k:ed@fractais_png, mode:PICK
2026-04-01 10:23:25, EXEC, v:1, k:ed@fractais_png, mode:FULL, size:136, fail:COMP
2026-04-01 10:23:26, EXEC, v:1, k:ed@fractais_png, mode:FULL, fail:COMP
2026-04-01 10:23:26, EXEC, v:1, k:ed@fractais_png, mode:FULL, fail:COMP
2026-04-01 10:23:27, EXEC, v:1, k:ed@fractais_png, mode:FULL, fail:COMP
2026-04-01 10:23:27, EXEC, v:1, k:ed@fractais_png, mode:FULL, fail:COMP
2026-04-01 10:23:27, EXEC, v:1, k:ed@fractais_png, mode:FULL, fail:COMP
2026-04-01 10:23:27, EXEC, v:1, k:ed@fractais_png, mode:FULL, fail:COMP
2026-04-01 10:23:27, EXEC, v:1, k:ed@fractais_png, mode:FULL, fail:COMP
2026-04-01 10:23:28, EXEC, v:1, k:ed@fractais_png, mode:FULL, fail:COMP
2026-04-01 10:23:28, EXEC, v:1, k:ed@fractais_png, mode:FULL, fail:COMP
2026-04-01 10:23:28, EXEC, v:1, k:ed@fractais_png, mode:FULL, fail:COMP
2026-04-01 10:23:28, EXEC, v:1, k:ed@fractais_png, mode:FULL, fail:COMP
2026-04-01 10:23:28, EXEC, v:1, k:ed@fractais_png, mode:FULL, fail:COMP
2026-04-01 10:23:31, EXEC, v:1, k:ed@fractais_png, mode:FULL, fail:COMP
2026-04-01 10:23:32, EXEC, v:1, k:ed@fractais_png, mode:FULL, fail:COMP
2026-04-01 10:23:32, EXEC, v:1, k:ed@fractais_png, mode:FULL, fail:COMP
2026-04-01 10:24:46, MOVE, v:1, k:ed@fractais_png, mode:BACK
2026-04-01 10:35:52, MOVE, v:1, k:ed@triangulo, mode:PICK
2026-04-01 10:35:53, EXEC, v:1, k:ed@triangulo, mode:FULL, rate:0
2026-04-01 10:36:38, EXEC, v:1, k:ed@triangulo, mode:FULL, rate:0
2026-04-01 10:36:39, MOVE, v:1, k:ed@triangulo, mode:BACK
2026-04-01 10:36:40, MOVE, v:1, k:ed@triangulo, mode:PICK
2026-04-01 10:41:47, MOVE, v:1, k:ed@triangulo, mode:PICK
2026-04-01 11:14:06, MOVE, v:1, k:ed@triangulo, mode:BACK
2026-04-01 11:14:09, MOVE, v:1, k:ed@queimada, mode:DOWN
