2026-04-13 14:49:00, MOVE, v:1, k:ed@fractais_png, mode:PICK
2026-04-13 14:51:13, EXEC, v:1, k:ed@fractais_png, mode:LOCK, rate:100, size:133
2026-04-13 14:51:41, EXEC, v:1, k:ed@fractais_png, mode:LOCK, rate:100, size:133
2026-04-13 14:52:29, EXEC, v:1, k:ed@fractais_png, mode:LOCK, rate:100, size:134
2026-04-13 14:52:50, EXEC, v:1, k:ed@fractais_png, mode:LOCK, rate:100, size:133
2026-04-13 14:53:14, EXEC, v:1, k:ed@fractais_png, mode:LOCK, rate:100, size:133
2026-04-13 14:53:31, EXEC, v:1, k:ed@fractais_png, mode:LOCK, rate:100, size:133
2026-04-13 14:53:44, EXEC, v:1, k:ed@fractais_png, mode:LOCK, rate:100, size:133
2026-04-13 14:53:55, EXEC, v:1, k:ed@fractais_png, mode:LOCK, rate:100, size:133
2026-04-13 14:55:29, EXEC, v:1, k:ed@fractais_png, mode:FULL, size:138, fail:COMP
2026-04-13 14:56:03, MOVE, v:1, k:ed@fractais_png, mode:PICK
2026-04-13 14:56:04, EXEC, v:1, k:ed@fractais_png, mode:LOCK, rate:100, size:138
2026-04-13 14:56:31, EXEC, v:1, k:ed@fractais_png, mode:LOCK, rate:100, size:138
2026-04-13 14:56:48, EXEC, v:1, k:ed@fractais_png, mode:LOCK, rate:100, size:138
2026-04-13 14:57:32, EXEC, v:1, k:ed@fractais_png, mode:LOCK, rate:100, size:137
2026-04-13 15:02:26, EXEC, v:1, k:ed@fractais_png, mode:LOCK, rate:100, size:137
2026-04-13 15:03:23, EXEC, v:1, k:ed@fractais_png, mode:LOCK, rate:100, size:133
2026-04-13 15:03:33, EXEC, v:1, k:ed@fractais_png, mode:LOCK, rate:100, size:133
2026-04-13 15:03:53, EXEC, v:1, k:ed@fractais_png, mode:LOCK, rate:0, size:133
2026-04-13 15:03:59, EXEC, v:1, k:ed@fractais_png, mode:LOCK, rate:0
2026-04-13 15:04:01, EXEC, v:1, k:ed@fractais_png, mode:LOCK, rate:0
2026-04-13 15:04:23, EXEC, v:1, k:ed@fractais_png, mode:LOCK, rate:100, size:133
2026-04-13 15:05:16, EXEC, v:1, k:ed@fractais_png, mode:LOCK, rate:0, size:133
2026-04-13 15:05:33, EXEC, v:1, k:ed@fractais_png, mode:LOCK, rate:0, size:133
2026-04-13 15:05:55, EXEC, v:1, k:ed@fractais_png, mode:LOCK, rate:0, size:133
2026-04-13 15:06:12, EXEC, v:1, k:ed@fractais_png, mode:LOCK, rate:0, size:133
2026-04-13 15:06:32, EXEC, v:1, k:ed@fractais_png, mode:LOCK, rate:0, size:133
2026-04-13 15:06:45, EXEC, v:1, k:ed@fractais_png, mode:LOCK, rate:0
2026-04-13 15:06:47, EXEC, v:1, k:ed@fractais_png, mode:LOCK, rate:0
2026-04-13 15:06:50, EXEC, v:1, k:ed@fractais_png, mode:LOCK, rate:0
2026-04-13 15:06:52, EXEC, v:1, k:ed@fractais_png, mode:LOCK, rate:0
2026-04-13 15:08:11, EXEC, v:1, k:ed@fractais_png, mode:LOCK, rate:0, size:133
2026-04-13 15:08:14, EXEC, v:1, k:ed@fractais_png, mode:LOCK, rate:0
2026-04-13 15:08:16, EXEC, v:1, k:ed@fractais_png, mode:LOCK, rate:0
2026-04-13 15:08:18, EXEC, v:1, k:ed@fractais_png, mode:LOCK, rate:0
2026-04-13 15:08:43, EXEC, v:1, k:ed@fractais_png, mode:LOCK, rate:0, size:133
2026-04-13 15:08:56, EXEC, v:1, k:ed@fractais_png, mode:LOCK, rate:0, size:133
2026-04-13 15:09:16, EXEC, v:1, k:ed@fractais_png, mode:LOCK, rate:0, size:133
2026-04-13 15:09:31, EXEC, v:1, k:ed@fractais_png, mode:LOCK, rate:0, size:133
2026-04-13 15:09:46, EXEC, v:1, k:ed@fractais_png, mode:LOCK, rate:0, size:133
2026-04-13 15:10:02, EXEC, v:1, k:ed@fractais_png, mode:LOCK, rate:0, size:133
2026-04-13 15:10:19, EXEC, v:1, k:ed@fractais_png, mode:LOCK, rate:0, size:133
2026-04-13 15:11:23, EXEC, v:1, k:ed@fractais_png, mode:LOCK, rate:0, size:133
2026-04-13 15:12:09, EXEC, v:1, k:ed@fractais_png, mode:LOCK, rate:100, size:135
2026-04-13 15:12:21, EXEC, v:1, k:ed@fractais_png, mode:LOCK, rate:0, size:135
2026-04-13 15:12:54, EXEC, v:1, k:ed@fractais_png, mode:LOCK, rate:100, size:135
2026-04-13 15:13:28, EXEC, v:1, k:ed@fractais_png, mode:LOCK, rate:0, size:135
2026-04-13 15:15:29, EXEC, v:1, k:ed@fractais_png, mode:LOCK, rate:0, size:136
2026-04-13 15:15:56, EXEC, v:1, k:ed@fractais_png, mode:LOCK, rate:0, size:136
2026-04-13 15:16:16, EXEC, v:1, k:ed@fractais_png, mode:LOCK, rate:0, size:136
2026-04-13 15:16:25, MOVE, v:1, k:ed@fractais_png, mode:BACK
2026-04-13 15:19:21, MOVE, v:1, k:ed@fractais_png, mode:PICK
2026-04-13 15:19:23, EXEC, v:1, k:ed@fractais_png, mode:FULL, size:136, fail:COMP
2026-04-13 15:19:36, EXEC, v:1, k:ed@fractais_png, mode:LOCK, rate:0, size:136
2026-04-13 15:20:09, EXEC, v:1, k:ed@fractais_png, mode:LOCK, rate:100, size:124
2026-04-13 15:22:13, EXEC, v:1, k:ed@fractais_png, mode:LOCK, rate:100, size:124
2026-04-13 15:23:10, EXEC, v:1, k:ed@fractais_png, mode:LOCK, rate:100, size:126
2026-04-13 15:24:10, EXEC, v:1, k:ed@fractais_png, mode:LOCK, rate:100, size:126
2026-04-13 15:24:37, EXEC, v:1, k:ed@fractais_png, mode:LOCK, rate:100, size:126
2026-04-13 15:24:51, EXEC, v:1, k:ed@fractais_png, mode:LOCK, rate:100, size:126
2026-04-13 15:25:27, EXEC, v:1, k:ed@fractais_png, mode:LOCK, rate:100, size:127
2026-04-13 15:26:12, EXEC, v:1, k:ed@fractais_png, mode:LOCK, rate:100, size:130
2026-04-13 15:27:43, EXEC, v:1, k:ed@fractais_png, mode:LOCK, rate:100, size:127
2026-04-13 15:29:03, EXEC, v:1, k:ed@fractais_png, mode:LOCK, rate:100, size:128
2026-04-13 15:29:17, EXEC, v:1, k:ed@fractais_png, mode:LOCK, rate:100, size:128
2026-04-13 15:29:50, EXEC, v:1, k:ed@fractais_png, mode:LOCK, rate:100, size:128
2026-04-13 15:30:04, EXEC, v:1, k:ed@fractais_png, mode:LOCK, rate:100, size:128
2026-04-13 15:30:47, EXEC, v:1, k:ed@fractais_png, mode:LOCK, rate:100, size:136
2026-04-13 15:30:59, EXEC, v:1, k:ed@fractais_png, mode:LOCK, rate:100, size:136
2026-04-13 15:31:09, EXEC, v:1, k:ed@fractais_png, mode:LOCK, rate:100, size:136
2026-04-13 15:31:15, EXEC, v:1, k:ed@fractais_png, mode:LOCK, rate:100
2026-04-13 15:31:57, EXEC, v:1, k:ed@fractais_png, mode:LOCK, rate:100, size:140
2026-04-13 15:32:45, EXEC, v:1, k:ed@fractais_png, mode:LOCK, rate:100, size:140
2026-04-13 15:33:00, EXEC, v:1, k:ed@fractais_png, mode:LOCK, rate:100, size:136
2026-04-13 15:33:09, EXEC, v:1, k:ed@fractais_png, mode:LOCK, rate:100, size:128
2026-04-13 15:33:14, EXEC, v:1, k:ed@fractais_png, mode:LOCK, rate:100, size:128
2026-04-13 15:33:27, EXEC, v:1, k:ed@fractais_png, mode:LOCK, rate:100, size:127
2026-04-13 15:33:39, MOVE, v:1, k:ed@fractais_png, mode:BACK
2026-04-13 19:01:06, MOVE, v:1, k:ed@fractais_png, mode:PICK
2026-04-13 19:01:39, EXEC, v:1, k:ed@fractais_png, mode:LOCK, rate:100, size:133
2026-04-13 19:02:37, EXEC, v:1, k:ed@fractais_png, mode:LOCK, rate:0, size:129
2026-04-13 19:02:50, EXEC, v:1, k:ed@fractais_png, mode:LOCK, rate:100, size:126
2026-04-13 19:02:57, EXEC, v:1, k:ed@fractais_png, mode:LOCK, rate:100
2026-04-13 19:03:12, EXEC, v:1, k:ed@fractais_png, mode:LOCK, rate:100
2026-04-13 19:07:08, EXEC, v:1, k:ed@fractais_png, mode:LOCK, rate:100, size:125
2026-04-13 19:08:01, EXEC, v:1, k:ed@fractais_png, mode:LOCK, rate:100, size:125
2026-04-13 19:08:20, EXEC, v:1, k:ed@fractais_png, mode:LOCK, rate:100, size:125
2026-04-13 19:08:36, EXEC, v:1, k:ed@fractais_png, mode:LOCK, rate:100, size:125
2026-04-13 19:09:17, EXEC, v:1, k:ed@fractais_png, mode:LOCK, rate:100, size:125
2026-04-13 19:09:28, EXEC, v:1, k:ed@fractais_png, mode:LOCK, rate:100, size:125
2026-04-13 19:09:48, EXEC, v:1, k:ed@fractais_png, mode:LOCK, rate:100, size:125
2026-04-13 19:10:59, EXEC, v:1, k:ed@fractais_png, mode:LOCK, rate:100, size:125
2026-04-13 19:12:38, EXEC, v:1, k:ed@fractais_png, mode:LOCK, rate:100, size:125
2026-04-13 19:12:49, EXEC, v:1, k:ed@fractais_png, mode:LOCK, rate:100, size:125
2026-04-13 19:13:58, EXEC, v:1, k:ed@fractais_png, mode:LOCK, rate:100, size:126
2026-04-13 19:14:34, EXEC, v:1, k:ed@fractais_png, mode:LOCK, rate:100, size:126
2026-04-13 19:14:54, EXEC, v:1, k:ed@fractais_png, mode:LOCK, rate:100, size:126
2026-04-13 19:15:08, EXEC, v:1, k:ed@fractais_png, mode:LOCK, rate:100, size:126
2026-04-13 19:15:16, EXEC, v:1, k:ed@fractais_png, mode:LOCK, rate:100, size:126
2026-04-13 19:15:29, EXEC, v:1, k:ed@fractais_png, mode:LOCK, rate:100, size:126
2026-04-13 19:17:57, EXEC, v:1, k:ed@fractais_png, mode:LOCK, rate:100, size:126
2026-04-13 19:19:28, EXEC, v:1, k:ed@fractais_png, mode:LOCK, rate:100, size:126
2026-04-13 19:19:50, EXEC, v:1, k:ed@fractais_png, mode:LOCK, rate:100, size:126
2026-04-13 19:20:03, EXEC, v:1, k:ed@fractais_png, mode:LOCK, rate:100, size:126
2026-04-13 19:20:15, EXEC, v:1, k:ed@fractais_png, mode:LOCK, rate:100, size:126
2026-04-13 19:20:23, EXEC, v:1, k:ed@fractais_png, mode:LOCK, rate:100, size:126
2026-04-13 19:21:25, EXEC, v:1, k:ed@fractais_png, mode:LOCK, rate:100, size:126
2026-04-13 19:21:44, EXEC, v:1, k:ed@fractais_png, mode:LOCK, rate:100, size:126
2026-04-13 19:21:56, EXEC, v:1, k:ed@fractais_png, mode:LOCK, rate:100, size:126
2026-04-13 19:23:33, EXEC, v:1, k:ed@fractais_png, mode:LOCK, rate:0, size:126
2026-04-13 19:23:42, EXEC, v:1, k:ed@fractais_png, mode:LOCK, rate:100, size:126
2026-04-13 19:23:51, EXEC, v:1, k:ed@fractais_png, mode:LOCK, rate:0, size:126
2026-04-13 19:24:05, EXEC, v:1, k:ed@fractais_png, mode:LOCK, rate:100, size:126
2026-04-13 19:24:14, EXEC, v:1, k:ed@fractais_png, mode:LOCK, rate:100, size:126
2026-04-13 19:24:36, EXEC, v:1, k:ed@fractais_png, mode:LOCK, rate:100, size:126
2026-04-13 19:24:55, EXEC, v:1, k:ed@fractais_png, mode:LOCK, rate:100, size:126
2026-04-13 19:25:18, MOVE, v:1, k:ed@fractais_png, mode:BACK
2026-04-13 19:37:04, MOVE, v:1, k:ed@fractais_png, mode:PICK
2026-04-13 19:37:05, EXEC, v:1, k:ed@fractais_png, mode:LOCK, rate:100, size:152
2026-04-13 19:39:02, EXEC, v:1, k:ed@fractais_png, mode:LOCK, rate:100, size:156
2026-04-13 19:41:12, EXEC, v:1, k:ed@fractais_png, mode:LOCK, rate:100, size:154
2026-04-13 19:42:30, EXEC, v:1, k:ed@fractais_png, mode:LOCK, rate:100, size:154
2026-04-13 19:43:17, EXEC, v:1, k:ed@fractais_png, mode:LOCK, rate:100, size:154
2026-04-13 19:43:35, EXEC, v:1, k:ed@fractais_png, mode:LOCK, rate:100, size:154
2026-04-13 19:44:04, EXEC, v:1, k:ed@fractais_png, mode:LOCK, rate:100, size:156
2026-04-13 19:44:29, EXEC, v:1, k:ed@fractais_png, mode:LOCK, rate:100, size:156
2026-04-13 19:44:46, EXEC, v:1, k:ed@fractais_png, mode:LOCK, rate:100, size:156
2026-04-13 19:45:03, EXEC, v:1, k:ed@fractais_png, mode:LOCK, rate:100, size:156
2026-04-13 19:45:25, EXEC, v:1, k:ed@fractais_png, mode:LOCK, rate:100, size:156
2026-04-13 19:45:38, EXEC, v:1, k:ed@fractais_png, mode:LOCK, rate:100, size:156
2026-04-13 19:46:06, EXEC, v:1, k:ed@fractais_png, mode:LOCK, rate:100, size:156
2026-04-13 19:46:41, EXEC, v:1, k:ed@fractais_png, mode:LOCK, rate:100, size:156
2026-04-13 19:46:53, EXEC, v:1, k:ed@fractais_png, mode:LOCK, rate:100, size:156
2026-04-13 19:47:03, EXEC, v:1, k:ed@fractais_png, mode:LOCK, rate:100, size:155
2026-04-13 19:47:16, MOVE, v:1, k:ed@fractais_png, mode:PICK
2026-04-13 19:47:17, EXEC, v:1, k:ed@fractais_png, mode:LOCK, rate:100
2026-04-13 19:47:22, EXEC, v:1, k:ed@fractais_png, mode:LOCK, rate:100, size:156
2026-04-13 19:47:31, EXEC, v:1, k:ed@fractais_png, mode:LOCK, rate:100, size:156
2026-04-13 19:47:39, EXEC, v:1, k:ed@fractais_png, mode:LOCK, rate:100, size:156
2026-04-13 19:48:13, EXEC, v:1, k:ed@fractais_png, mode:LOCK, rate:100, size:156
2026-04-13 19:48:22, EXEC, v:1, k:ed@fractais_png, mode:LOCK, rate:100, size:156
2026-04-13 19:48:31, EXEC, v:1, k:ed@fractais_png, mode:LOCK, rate:100, size:156
2026-04-13 19:48:56, MOVE, v:1, k:ed@fractais_png, mode:BACK
2026-04-13 20:02:10, MOVE, v:1, k:ed@fractais_png, mode:PICK
2026-04-13 20:02:11, EXEC, v:1, k:ed@fractais_png, mode:FULL, size:112, fail:COMP
2026-04-13 20:04:08, MOVE, v:1, k:ed@fractais_png, mode:PICK
2026-04-13 20:04:09, EXEC, v:1, k:ed@fractais_png, mode:FULL, fail:COMP
2026-04-13 20:04:46, EXEC, v:1, k:ed@fractais_png, mode:LOCK, rate:100, size:112
2026-04-13 20:04:56, EXEC, v:1, k:ed@fractais_png, mode:LOCK, rate:100, size:112
2026-04-13 20:05:14, EXEC, v:1, k:ed@fractais_png, mode:LOCK, rate:100, size:112
2026-04-13 20:05:37, EXEC, v:1, k:ed@fractais_png, mode:LOCK, rate:100, size:112
2026-04-13 20:06:26, EXEC, v:1, k:ed@fractais_png, mode:LOCK, rate:100, size:112
2026-04-13 20:06:45, EXEC, v:1, k:ed@fractais_png, mode:LOCK, rate:100, size:112
2026-04-13 20:06:50, EXEC, v:1, k:ed@fractais_png, mode:LOCK, rate:100
2026-04-13 20:07:06, EXEC, v:1, k:ed@fractais_png, mode:LOCK, rate:100, size:112
2026-04-13 20:07:20, EXEC, v:1, k:ed@fractais_png, mode:LOCK, rate:100, size:112
2026-04-13 20:09:51, EXEC, v:1, k:ed@fractais_png, mode:FULL, size:122, fail:COMP
2026-04-13 20:10:11, MOVE, v:1, k:ed@fractais_png, mode:PICK
2026-04-13 20:10:12, EXEC, v:1, k:ed@fractais_png, mode:FULL, size:122, fail:COMP
2026-04-13 20:10:28, EXEC, v:1, k:ed@fractais_png, mode:FULL, size:122, fail:COMP
2026-04-13 20:10:29, EXEC, v:1, k:ed@fractais_png, mode:FULL, fail:COMP
2026-04-13 20:10:30, EXEC, v:1, k:ed@fractais_png, mode:FULL, fail:COMP
2026-04-13 20:11:26, MOVE, v:1, k:ed@fractais_png, mode:PICK
2026-04-13 20:11:28, EXEC, v:1, k:ed@fractais_png, mode:FULL, fail:COMP
2026-04-13 20:12:17, EXEC, v:1, k:ed@fractais_png, mode:LOCK, rate:100, size:122
2026-04-13 20:12:32, EXEC, v:1, k:ed@fractais_png, mode:LOCK, rate:100
2026-04-13 20:12:40, EXEC, v:1, k:ed@fractais_png, mode:LOCK, rate:100
2026-04-13 20:12:42, EXEC, v:1, k:ed@fractais_png, mode:LOCK, rate:100
2026-04-13 20:12:43, EXEC, v:1, k:ed@fractais_png, mode:LOCK, rate:100
2026-04-13 20:14:10, EXEC, v:1, k:ed@fractais_png, mode:LOCK, rate:100, size:123
2026-04-13 20:15:27, EXEC, v:1, k:ed@fractais_png, mode:LOCK, rate:100, size:122
2026-04-13 20:15:33, EXEC, v:1, k:ed@fractais_png, mode:LOCK, rate:100
2026-04-13 20:15:34, EXEC, v:1, k:ed@fractais_png, mode:LOCK, rate:100
2026-04-13 20:15:35, EXEC, v:1, k:ed@fractais_png, mode:LOCK, rate:100
2026-04-13 20:15:36, EXEC, v:1, k:ed@fractais_png, mode:LOCK, rate:100
2026-04-13 20:15:37, EXEC, v:1, k:ed@fractais_png, mode:LOCK, rate:100
2026-04-13 20:15:37, EXEC, v:1, k:ed@fractais_png, mode:LOCK, rate:100
2026-04-13 20:15:38, EXEC, v:1, k:ed@fractais_png, mode:LOCK, rate:100
2026-04-13 20:15:38, EXEC, v:1, k:ed@fractais_png, mode:LOCK, rate:100
2026-04-13 20:15:38, EXEC, v:1, k:ed@fractais_png, mode:LOCK, rate:100
2026-04-13 20:15:39, EXEC, v:1, k:ed@fractais_png, mode:LOCK, rate:100
2026-04-13 20:15:39, EXEC, v:1, k:ed@fractais_png, mode:LOCK, rate:100
2026-04-13 20:15:40, EXEC, v:1, k:ed@fractais_png, mode:LOCK, rate:100
2026-04-13 20:15:40, EXEC, v:1, k:ed@fractais_png, mode:LOCK, rate:100
2026-04-13 20:15:41, EXEC, v:1, k:ed@fractais_png, mode:LOCK, rate:100
2026-04-13 20:15:53, MOVE, v:1, k:ed@fractais_png, mode:BACK
2026-04-13 20:19:51, MOVE, v:1, k:ed@fractais_png, mode:PICK
2026-04-13 20:19:52, EXEC, v:1, k:ed@fractais_png, mode:LOCK, rate:100, size:131
2026-04-13 20:20:01, EXEC, v:1, k:ed@fractais_png, mode:LOCK, rate:100
2026-04-13 20:20:21, EXEC, v:1, k:ed@fractais_png, mode:LOCK, rate:100, size:131
2026-04-13 20:20:46, EXEC, v:1, k:ed@fractais_png, mode:LOCK, rate:100, size:131
2026-04-13 20:20:57, EXEC, v:1, k:ed@fractais_png, mode:LOCK, rate:100, size:132
2026-04-13 20:21:57, EXEC, v:1, k:ed@fractais_png, mode:LOCK, rate:100, size:132
2026-04-13 20:22:21, EXEC, v:1, k:ed@fractais_png, mode:LOCK, rate:100, size:132
2026-04-13 20:22:31, EXEC, v:1, k:ed@fractais_png, mode:LOCK, rate:100, size:132
2026-04-13 20:22:40, EXEC, v:1, k:ed@fractais_png, mode:LOCK, rate:100, size:132
2026-04-13 20:22:48, EXEC, v:1, k:ed@fractais_png, mode:LOCK, rate:100, size:132
2026-04-13 20:22:57, EXEC, v:1, k:ed@fractais_png, mode:LOCK, rate:100, size:132
2026-04-13 20:23:22, EXEC, v:1, k:ed@fractais_png, mode:LOCK, rate:100, size:132
2026-04-13 20:23:37, EXEC, v:1, k:ed@fractais_png, mode:LOCK, rate:100, size:132
2026-04-13 20:23:54, EXEC, v:1, k:ed@fractais_png, mode:LOCK, rate:100, size:132
2026-04-13 20:24:08, EXEC, v:1, k:ed@fractais_png, mode:LOCK, rate:100, size:132
2026-04-13 20:24:27, EXEC, v:1, k:ed@fractais_png, mode:LOCK, rate:100, size:132
2026-04-13 20:24:37, EXEC, v:1, k:ed@fractais_png, mode:LOCK, rate:100, size:132
2026-04-13 20:24:54, EXEC, v:1, k:ed@fractais_png, mode:LOCK, rate:100, size:132
2026-04-13 20:25:07, EXEC, v:1, k:ed@fractais_png, mode:LOCK, rate:100, size:132
2026-04-13 20:25:18, EXEC, v:1, k:ed@fractais_png, mode:LOCK, rate:100, size:132
2026-04-13 20:25:34, EXEC, v:1, k:ed@fractais_png, mode:LOCK, rate:100, size:132
2026-04-13 20:26:20, EXEC, v:1, k:ed@fractais_png, mode:LOCK, rate:100, size:132
2026-04-13 20:26:31, EXEC, v:1, k:ed@fractais_png, mode:LOCK, rate:100
2026-04-13 20:26:40, EXEC, v:1, k:ed@fractais_png, mode:LOCK, rate:100, size:132
2026-04-13 20:27:17, EXEC, v:1, k:ed@fractais_png, mode:LOCK, rate:100, size:139
2026-04-13 20:27:25, EXEC, v:1, k:ed@fractais_png, mode:LOCK, rate:100
2026-04-13 20:27:41, EXEC, v:1, k:ed@fractais_png, mode:LOCK, rate:100, size:132
2026-04-13 20:28:50, EXEC, v:1, k:ed@fractais_png, mode:LOCK, rate:100, size:133
2026-04-13 20:29:14, EXEC, v:1, k:ed@fractais_png, mode:LOCK, rate:100, size:133
2026-04-13 20:29:41, EXEC, v:1, k:ed@fractais_png, mode:LOCK, rate:100, size:133
2026-04-13 20:30:08, EXEC, v:1, k:ed@fractais_png, mode:LOCK, rate:100, size:133
2026-04-13 20:30:33, EXEC, v:1, k:ed@fractais_png, mode:LOCK, rate:100, size:133
2026-04-13 20:30:44, EXEC, v:1, k:ed@fractais_png, mode:LOCK, rate:100, size:133
2026-04-13 20:31:28, EXEC, v:1, k:ed@fractais_png, mode:LOCK, rate:100, size:129
2026-04-13 20:32:33, EXEC, v:1, k:ed@fractais_png, mode:LOCK, rate:100, size:129
2026-04-13 20:33:05, EXEC, v:1, k:ed@fractais_png, mode:LOCK, rate:100, size:129
2026-04-13 20:33:19, EXEC, v:1, k:ed@fractais_png, mode:LOCK, rate:100, size:129
2026-04-13 20:33:23, EXEC, v:1, k:ed@fractais_png, mode:LOCK, rate:100
2026-04-13 20:33:28, EXEC, v:1, k:ed@fractais_png, mode:LOCK, rate:100
2026-04-13 20:33:36, EXEC, v:1, k:ed@fractais_png, mode:LOCK, rate:100, size:129
2026-04-13 20:34:14, EXEC, v:1, k:ed@fractais_png, mode:LOCK, rate:100, size:129
2026-04-13 20:35:02, EXEC, v:1, k:ed@fractais_png, mode:LOCK, rate:100, size:127
2026-04-13 20:35:33, EXEC, v:1, k:ed@fractais_png, mode:LOCK, rate:100, size:127
2026-04-13 20:35:43, EXEC, v:1, k:ed@fractais_png, mode:LOCK, rate:100, size:127
2026-04-13 20:35:55, EXEC, v:1, k:ed@fractais_png, mode:LOCK, rate:100
2026-04-13 20:35:56, EXEC, v:1, k:ed@fractais_png, mode:LOCK, rate:100
2026-04-13 20:36:11, EXEC, v:1, k:ed@fractais_png, mode:LOCK, rate:100, size:133
2026-04-13 20:36:24, EXEC, v:1, k:ed@fractais_png, mode:LOCK, rate:100, size:132
2026-04-13 20:36:52, MOVE, v:1, k:ed@fractais_png, mode:BACK
