2026-04-08 10:30:25, MOVE, v:1, k:ed@fractais_png, mode:PICK
2026-04-08 10:30:27, EXEC, v:1, k:ed@fractais_png, mode:LOCK, rate:0, size:139
2026-04-08 10:30:51, MOVE, v:1, k:ed@fractais_png, mode:BACK
2026-04-08 10:31:00, MOVE, v:1, k:ed@fractais_png, mode:PICK
2026-04-08 10:31:32, EXEC, v:1, k:ed@fractais_png, mode:LOCK, rate:0
2026-04-08 10:31:33, EXEC, v:1, k:ed@fractais_png, mode:LOCK, rate:0
2026-04-08 10:31:33, MOVE, v:1, k:ed@fractais_png, mode:BACK
2026-04-08 10:31:58, MOVE, v:1, k:ed@fractais_png, mode:PICK
2026-04-08 10:31:59, MOVE, v:1, k:ed@fractais_png, mode:BACK
2026-04-08 10:32:09, MOVE, v:1, k:ed@fractais_png, mode:PICK
2026-04-08 10:36:38, EXEC, v:1, k:ed@fractais_png, mode:LOCK, rate:0
2026-04-08 10:36:40, EXEC, v:1, k:ed@fractais_png, mode:LOCK, rate:0
2026-04-08 10:36:42, EXEC, v:1, k:ed@fractais_png, mode:LOCK, rate:0
2026-04-08 10:36:43, EXEC, v:1, k:ed@fractais_png, mode:LOCK, rate:0
2026-04-08 10:37:11, EXEC, v:1, k:ed@fractais_png, mode:LOCK, rate:0, size:139
2026-04-08 10:37:23, EXEC, v:1, k:ed@fractais_png, mode:LOCK, rate:0, size:139
2026-04-08 10:37:41, EXEC, v:1, k:ed@fractais_png, mode:LOCK, rate:0, size:139
2026-04-08 10:37:52, EXEC, v:1, k:ed@fractais_png, mode:LOCK, rate:0
2026-04-08 10:38:06, EXEC, v:1, k:ed@fractais_png, mode:LOCK, rate:0, size:139
2026-04-08 10:38:06, EXEC, v:1, k:ed@fractais_png, mode:LOCK, rate:0, size:139
2026-04-08 10:38:07, EXEC, v:1, k:ed@fractais_png, mode:LOCK, rate:0, size:139
2026-04-08 10:38:07, EXEC, v:1, k:ed@fractais_png, mode:LOCK, rate:0
2026-04-08 10:38:07, EXEC, v:1, k:ed@fractais_png, mode:LOCK, rate:0
2026-04-08 10:38:08, EXEC, v:1, k:ed@fractais_png, mode:LOCK, rate:0
2026-04-08 10:38:08, EXEC, v:1, k:ed@fractais_png, mode:LOCK, rate:0
2026-04-08 10:38:09, EXEC, v:1, k:ed@fractais_png, mode:LOCK, rate:0
2026-04-08 10:38:09, EXEC, v:1, k:ed@fractais_png, mode:LOCK, rate:0
2026-04-08 10:38:10, EXEC, v:1, k:ed@fractais_png, mode:LOCK, rate:0
2026-04-08 10:38:10, EXEC, v:1, k:ed@fractais_png, mode:LOCK, rate:0
2026-04-08 10:38:10, EXEC, v:1, k:ed@fractais_png, mode:LOCK, rate:0
2026-04-08 10:38:11, EXEC, v:1, k:ed@fractais_png, mode:LOCK, rate:0
2026-04-08 10:38:11, EXEC, v:1, k:ed@fractais_png, mode:LOCK, rate:0
2026-04-08 10:38:12, EXEC, v:1, k:ed@fractais_png, mode:LOCK, rate:0
2026-04-08 10:38:12, EXEC, v:1, k:ed@fractais_png, mode:LOCK, rate:0
2026-04-08 10:38:12, EXEC, v:1, k:ed@fractais_png, mode:LOCK, rate:0
2026-04-08 10:38:13, EXEC, v:1, k:ed@fractais_png, mode:LOCK, rate:0
2026-04-08 10:38:13, EXEC, v:1, k:ed@fractais_png, mode:LOCK, rate:0
2026-04-08 10:38:14, EXEC, v:1, k:ed@fractais_png, mode:LOCK, rate:0
2026-04-08 10:38:21, EXEC, v:1, k:ed@fractais_png, mode:LOCK, rate:0, size:139
2026-04-08 10:38:27, EXEC, v:1, k:ed@fractais_png, mode:LOCK, rate:0
2026-04-08 10:38:28, EXEC, v:1, k:ed@fractais_png, mode:LOCK, rate:0
2026-04-08 10:38:37, EXEC, v:1, k:ed@fractais_png, mode:LOCK, rate:0, size:139
2026-04-08 10:40:53, MOVE, v:1, k:ed@fractais_png, mode:BACK
2026-04-08 10:41:03, MOVE, v:1, k:ed@fractais_png, mode:PICK
2026-04-08 10:41:05, EXEC, v:1, k:ed@fractais_png, mode:LOCK, rate:0
2026-04-08 10:41:08, EXEC, v:1, k:ed@fractais_png, mode:LOCK, rate:0
2026-04-08 10:41:09, EXEC, v:1, k:ed@fractais_png, mode:LOCK, rate:0
2026-04-08 10:41:10, EXEC, v:1, k:ed@fractais_png, mode:LOCK, rate:0
2026-04-08 10:41:11, EXEC, v:1, k:ed@fractais_png, mode:LOCK, rate:0
2026-04-08 10:41:15, EXEC, v:1, k:ed@fractais_png, mode:LOCK, rate:0
2026-04-08 10:41:17, EXEC, v:1, k:ed@fractais_png, mode:LOCK, rate:0
2026-04-08 10:41:19, EXEC, v:1, k:ed@fractais_png, mode:LOCK, rate:0
2026-04-08 10:41:24, EXEC, v:1, k:ed@fractais_png, mode:LOCK, rate:0
2026-04-08 10:42:14, EXEC, v:1, k:ed@fractais_png, mode:LOCK, rate:0
2026-04-08 10:42:22, MOVE, v:1, k:ed@fractais_png, mode:BACK
2026-04-08 10:42:34, SELF, v:1, k:ed@fractais_png, self:1, guided:1
2026-04-08 10:42:38, MOVE, v:1, k:ed@fractais_png, mode:PICK
2026-04-08 10:42:46, SELF, v:1, k:ed@fractais_png, self:1, guided:1
2026-04-08 10:42:47, MOVE, v:1, k:ed@fractais_png, mode:BACK
2026-04-08 10:44:18, SELF, v:1, k:ed@fractais_png, self:1, guided:1
2026-04-08 10:44:47, MOVE, v:1, k:ed@fractais_png, mode:PICK
2026-04-08 10:46:25, MOVE, v:1, k:ed@fractais_png, mode:BACK
2026-04-08 11:12:36, MOVE, v:1, k:ed@fractais_png, mode:PICK
2026-04-08 11:12:37, EXEC, v:1, k:ed@fractais_png, mode:LOCK, rate:100, size:129
2026-04-08 11:21:19, EXEC, v:1, k:ed@fractais_png, mode:LOCK, rate:0, size:151
2026-04-08 11:23:43, EXEC, v:1, k:ed@fractais_png, mode:LOCK, rate:100, size:132
2026-04-08 11:24:14, EXEC, v:1, k:ed@fractais_png, mode:LOCK, rate:100, size:133
2026-04-08 11:26:20, EXEC, v:1, k:ed@fractais_png, mode:LOCK, rate:0, size:145
2026-04-08 11:26:59, EXEC, v:1, k:ed@fractais_png, mode:LOCK, rate:100, size:138
2026-04-08 11:27:38, EXEC, v:1, k:ed@fractais_png, mode:LOCK, rate:100
2026-04-08 11:27:39, EXEC, v:1, k:ed@fractais_png, mode:LOCK, rate:100
2026-04-08 11:27:40, EXEC, v:1, k:ed@fractais_png, mode:LOCK, rate:100
2026-04-08 11:27:41, EXEC, v:1, k:ed@fractais_png, mode:LOCK, rate:100
2026-04-08 11:28:04, EXEC, v:1, k:ed@fractais_png, mode:LOCK, rate:100, size:138
2026-04-08 11:28:16, EXEC, v:1, k:ed@fractais_png, mode:LOCK, rate:100, size:138
2026-04-08 11:28:41, EXEC, v:1, k:ed@fractais_png, mode:LOCK, rate:100, size:138
2026-04-08 11:29:19, EXEC, v:1, k:ed@fractais_png, mode:LOCK, rate:100
2026-04-08 11:29:35, EXEC, v:1, k:ed@fractais_png, mode:LOCK, rate:0, size:138
2026-04-08 11:29:45, EXEC, v:1, k:ed@fractais_png, mode:LOCK, rate:100, size:138
2026-04-08 11:30:16, EXEC, v:1, k:ed@fractais_png, mode:LOCK, rate:100
2026-04-08 11:30:35, EXEC, v:1, k:ed@fractais_png, mode:LOCK, rate:100, size:138
2026-04-08 11:31:19, EXEC, v:1, k:ed@fractais_png, mode:LOCK, rate:100, size:138
2026-04-08 11:31:45, EXEC, v:1, k:ed@fractais_png, mode:LOCK, rate:100, size:138
2026-04-08 11:32:00, EXEC, v:1, k:ed@fractais_png, mode:LOCK, rate:100, size:138
2026-04-08 11:32:17, EXEC, v:1, k:ed@fractais_png, mode:LOCK, rate:100, size:138
2026-04-08 11:32:34, EXEC, v:1, k:ed@fractais_png, mode:LOCK, rate:100, size:138
2026-04-08 11:32:44, EXEC, v:1, k:ed@fractais_png, mode:LOCK, rate:100, size:138
2026-04-08 11:32:54, EXEC, v:1, k:ed@fractais_png, mode:LOCK, rate:100, size:138
2026-04-08 11:33:28, EXEC, v:1, k:ed@fractais_png, mode:LOCK, rate:100, size:138
2026-04-08 11:33:40, EXEC, v:1, k:ed@fractais_png, mode:LOCK, rate:100, size:138
2026-04-08 11:33:57, EXEC, v:1, k:ed@fractais_png, mode:LOCK, rate:100, size:138
2026-04-08 11:34:14, EXEC, v:1, k:ed@fractais_png, mode:LOCK, rate:100, size:138
2026-04-08 11:34:29, EXEC, v:1, k:ed@fractais_png, mode:LOCK, rate:100, size:138
2026-04-08 11:34:41, EXEC, v:1, k:ed@fractais_png, mode:LOCK, rate:100, size:138
2026-04-08 11:34:55, EXEC, v:1, k:ed@fractais_png, mode:LOCK, rate:0, size:138
2026-04-08 11:35:07, EXEC, v:1, k:ed@fractais_png, mode:LOCK, rate:100, size:138
2026-04-08 11:36:15, EXEC, v:1, k:ed@fractais_png, mode:LOCK, rate:100, size:138
2026-04-08 11:36:32, EXEC, v:1, k:ed@fractais_png, mode:LOCK, rate:100, size:138
2026-04-08 11:36:39, EXEC, v:1, k:ed@fractais_png, mode:LOCK, rate:100, size:138
2026-04-08 11:37:43, EXEC, v:1, k:ed@fractais_png, mode:LOCK, rate:100, size:138
2026-04-08 11:42:45, EXEC, v:1, k:ed@fractais_png, mode:LOCK, rate:100, size:141
2026-04-08 11:44:02, EXEC, v:1, k:ed@fractais_png, mode:LOCK, rate:100, size:143
2026-04-08 11:44:08, EXEC, v:1, k:ed@fractais_png, mode:LOCK, rate:100, size:143
2026-04-08 11:44:15, EXEC, v:1, k:ed@fractais_png, mode:LOCK, rate:100, size:143
2026-04-08 11:44:39, EXEC, v:1, k:ed@fractais_png, mode:LOCK, rate:100, size:143
2026-04-08 11:44:57, EXEC, v:1, k:ed@fractais_png, mode:LOCK, rate:100, size:142
2026-04-08 11:46:37, EXEC, v:1, k:ed@fractais_png, mode:LOCK, rate:100
2026-04-08 11:46:43, EXEC, v:1, k:ed@fractais_png, mode:LOCK, rate:100, size:143
2026-04-08 11:46:58, EXEC, v:1, k:ed@fractais_png, mode:LOCK, rate:100, size:143
2026-04-08 11:47:08, EXEC, v:1, k:ed@fractais_png, mode:LOCK, rate:100, size:143
2026-04-08 11:47:13, EXEC, v:1, k:ed@fractais_png, mode:LOCK, rate:100, size:143
2026-04-08 11:47:19, EXEC, v:1, k:ed@fractais_png, mode:LOCK, rate:100, size:143
2026-04-08 11:47:38, EXEC, v:1, k:ed@fractais_png, mode:LOCK, rate:100, size:143
2026-04-08 11:47:53, EXEC, v:1, k:ed@fractais_png, mode:LOCK, rate:100, size:143
2026-04-08 11:48:22, EXEC, v:1, k:ed@fractais_png, mode:LOCK, rate:100, size:143
2026-04-08 11:48:39, EXEC, v:1, k:ed@fractais_png, mode:LOCK, rate:100, size:143
2026-04-08 11:48:49, EXEC, v:1, k:ed@fractais_png, mode:LOCK, rate:100, size:143
2026-04-08 11:49:08, EXEC, v:1, k:ed@fractais_png, mode:LOCK, rate:100, size:143
2026-04-08 11:49:12, EXEC, v:1, k:ed@fractais_png, mode:LOCK, rate:100
2026-04-08 11:49:17, EXEC, v:1, k:ed@fractais_png, mode:LOCK, rate:100, size:143
2026-04-08 11:49:23, EXEC, v:1, k:ed@fractais_png, mode:LOCK, rate:100, size:143
2026-04-08 11:49:44, EXEC, v:1, k:ed@fractais_png, mode:LOCK, rate:100, size:143
2026-04-08 11:49:52, EXEC, v:1, k:ed@fractais_png, mode:LOCK, rate:100, size:143
2026-04-08 11:50:08, EXEC, v:1, k:ed@fractais_png, mode:LOCK, rate:100, size:143
2026-04-08 11:50:18, EXEC, v:1, k:ed@fractais_png, mode:LOCK, rate:100, size:143
2026-04-08 11:50:43, EXEC, v:1, k:ed@fractais_png, mode:LOCK, rate:100, size:143
2026-04-08 11:50:57, EXEC, v:1, k:ed@fractais_png, mode:LOCK, rate:100, size:143
2026-04-08 11:51:23, EXEC, v:1, k:ed@fractais_png, mode:LOCK, rate:100, size:143
2026-04-08 11:51:33, EXEC, v:1, k:ed@fractais_png, mode:LOCK, rate:100, size:143
2026-04-08 11:51:44, EXEC, v:1, k:ed@fractais_png, mode:LOCK, rate:100, size:143
2026-04-08 11:51:53, EXEC, v:1, k:ed@fractais_png, mode:LOCK, rate:100, size:143
2026-04-08 11:52:43, EXEC, v:1, k:ed@fractais_png, mode:LOCK, rate:100, size:143
2026-04-08 11:52:44, EXEC, v:1, k:ed@fractais_png, mode:LOCK, rate:100
2026-04-08 11:54:43, EXEC, v:1, k:ed@fractais_png, mode:LOCK, rate:100
2026-04-08 11:54:46, EXEC, v:1, k:ed@fractais_png, mode:LOCK, rate:100, size:142
2026-04-08 11:54:47, MOVE, v:1, k:ed@fractais_png, mode:BACK
