2026-03-12 21:37:38, MOVE, v:1, k:ed@pintando, mode:DOWN
2026-03-12 21:37:40, MOVE, v:1, k:ed@pintando, mode:PICK
2026-03-12 21:37:50, EXEC, v:1, k:ed@pintando, mode:FULL, rate:0, size:5
2026-03-12 21:37:50, EXEC, v:1, k:ed@pintando, mode:FULL, rate:0, size:5
2026-03-12 21:37:50, MOVE, v:1, k:ed@pintando, mode:BACK
2026-03-12 21:38:01, MOVE, v:1, k:ed@pintando, mode:PICK
2026-03-12 21:39:13, MOVE, v:1, k:ed@pintando, mode:BACK
2026-03-12 21:39:15, MOVE, v:1, k:ed@pintando, mode:PICK
2026-03-12 21:39:50, MOVE, v:1, k:ed@pintando, mode:BACK
2026-03-12 21:39:54, MOVE, v:1, k:ed@pintando, mode:PICK
2026-03-12 21:52:54, EXEC, v:1, k:ed@pintando, mode:FULL, rate:0, size:19
2026-03-12 21:54:19, EXEC, v:1, k:ed@pintando, mode:FULL, rate:0, size:19
2026-03-12 21:54:58, MOVE, v:1, k:ed@pintando, mode:BACK
2026-03-12 21:55:00, MOVE, v:1, k:ed@pintando, mode:PICK
2026-03-12 21:55:02, EXEC, v:1, k:ed@pintando, mode:FULL, size:19, fail:COMP
2026-03-12 21:55:03, EXEC, v:1, k:ed@pintando, mode:FULL, fail:COMP
2026-03-12 21:55:40, MOVE, v:1, k:ed@pintando, mode:BACK
2026-03-12 21:55:41, MOVE, v:1, k:ed@pintando, mode:PICK
2026-03-12 21:55:43, EXEC, v:1, k:ed@pintando, mode:FULL, rate:0, size:19
2026-03-12 21:55:55, EXEC, v:1, k:ed@pintando, mode:FREE, size:19
2026-03-12 21:57:43, MOVE, v:1, k:ed@pintando, mode:PICK
2026-03-12 21:57:45, EXEC, v:1, k:ed@pintando, mode:FULL, rate:100
2026-03-12 21:57:51, MOVE, v:1, k:ed@pintando, mode:BACK
2026-03-12 21:58:06, MOVE, v:1, k:ed@pintando, mode:PICK
2026-03-12 21:58:08, EXEC, v:1, k:ed@pintando, mode:FULL, rate:100, size:24
2026-03-12 21:58:19, MOVE, v:1, k:ed@pintando, mode:BACK
2026-03-12 21:58:36, MOVE, v:1, k:ed@pintando, mode:PICK
2026-03-12 21:58:38, EXEC, v:1, k:ed@pintando, mode:FULL, rate:100, size:23
2026-03-12 21:59:09, MOVE, v:1, k:ed@pintando, mode:BACK
2026-03-12 21:59:23, MOVE, v:1, k:ed@pintando, mode:PICK
2026-03-12 21:59:24, EXEC, v:1, k:ed@pintando, mode:FULL, rate:100
2026-03-12 22:00:01, MOVE, v:1, k:ed@pintando, mode:BACK
2026-03-12 22:00:04, MOVE, v:1, k:ed@pintando, mode:PICK
2026-03-12 22:00:05, EXEC, v:1, k:ed@pintando, mode:FULL, rate:100
2026-03-12 22:00:33, MOVE, v:1, k:ed@pintando, mode:BACK
2026-03-12 22:00:43, MOVE, v:1, k:ed@pintando, mode:PICK
2026-03-12 22:00:44, EXEC, v:1, k:ed@pintando, mode:FULL, rate:100
2026-03-12 22:00:46, EXEC, v:1, k:ed@pintando, mode:FULL, rate:100
2026-03-12 22:01:37, EXEC, v:1, k:ed@pintando, mode:FULL, rate:100
2026-03-12 22:01:38, EXEC, v:1, k:ed@pintando, mode:FULL, rate:100
2026-03-12 22:01:47, EXEC, v:1, k:ed@pintando, mode:FULL, rate:100
2026-03-12 22:01:48, EXEC, v:1, k:ed@pintando, mode:FULL, rate:100
2026-03-12 22:01:48, EXEC, v:1, k:ed@pintando, mode:FULL, rate:100
2026-03-12 22:02:11, EXEC, v:1, k:ed@pintando, mode:FULL, rate:100, size:22
2026-03-12 22:02:11, EXEC, v:1, k:ed@pintando, mode:FULL, rate:100, size:22
2026-03-12 22:02:13, EXEC, v:1, k:ed@pintando, mode:FREE, size:22
2026-03-12 22:03:02, EXEC, v:1, k:ed@pintando, mode:FULL, rate:100
2026-03-12 22:03:03, EXEC, v:1, k:ed@pintando, mode:FULL, rate:100
2026-03-12 22:03:04, EXEC, v:1, k:ed@pintando, mode:FULL, rate:100
2026-03-12 22:03:05, EXEC, v:1, k:ed@pintando, mode:FULL, rate:100
2026-03-12 22:03:05, EXEC, v:1, k:ed@pintando, mode:FULL, rate:100
2026-03-12 22:03:06, EXEC, v:1, k:ed@pintando, mode:FULL, rate:100
2026-03-12 22:03:06, EXEC, v:1, k:ed@pintando, mode:FULL, rate:100
2026-03-12 22:03:06, EXEC, v:1, k:ed@pintando, mode:FULL, rate:100
2026-03-12 22:03:07, EXEC, v:1, k:ed@pintando, mode:FULL, rate:100
2026-03-12 22:03:07, EXEC, v:1, k:ed@pintando, mode:FULL, rate:100
2026-03-12 22:03:07, EXEC, v:1, k:ed@pintando, mode:FULL, rate:100
2026-03-12 22:03:07, EXEC, v:1, k:ed@pintando, mode:FULL, rate:100
2026-03-12 22:03:08, EXEC, v:1, k:ed@pintando, mode:FULL, rate:100
2026-03-12 22:03:08, EXEC, v:1, k:ed@pintando, mode:FULL, rate:100
2026-03-12 22:03:08, EXEC, v:1, k:ed@pintando, mode:FULL, rate:100
2026-03-12 22:03:08, EXEC, v:1, k:ed@pintando, mode:FULL, rate:100
2026-03-12 22:03:09, EXEC, v:1, k:ed@pintando, mode:FULL, rate:100
2026-03-12 22:03:09, EXEC, v:1, k:ed@pintando, mode:FULL, rate:100
2026-03-12 22:03:09, EXEC, v:1, k:ed@pintando, mode:FULL, rate:100
2026-03-12 22:03:09, EXEC, v:1, k:ed@pintando, mode:FULL, rate:100
2026-03-12 22:03:10, EXEC, v:1, k:ed@pintando, mode:FULL, rate:100
2026-03-12 22:03:10, EXEC, v:1, k:ed@pintando, mode:FULL, rate:100
2026-03-12 22:03:10, EXEC, v:1, k:ed@pintando, mode:FULL, rate:100
2026-03-12 22:03:10, EXEC, v:1, k:ed@pintando, mode:FULL, rate:100
2026-03-12 22:03:11, EXEC, v:1, k:ed@pintando, mode:FULL, rate:100
2026-03-12 22:04:03, MOVE, v:1, k:ed@pintando, mode:BACK
2026-03-12 22:04:04, MOVE, v:1, k:ed@pintando, mode:DOWN
2026-03-12 22:04:06, MOVE, v:1, k:ed@pintando, mode:DOWN
2026-03-12 22:06:05, MOVE, v:1, k:ed@pintando, mode:DOWN
2026-03-12 22:06:08, MOVE, v:1, k:ed@pintando, mode:DOWN
2026-03-12 22:06:16, MOVE, v:1, k:ed@pintando, mode:DOWN
2026-03-12 22:06:33, MOVE, v:1, k:ed@pintando, mode:DOWN
2026-03-12 22:07:21, MOVE, v:1, k:ed@pintando, mode:DOWN
2026-03-12 22:07:22, MOVE, v:1, k:ed@pintando, mode:DOWN
2026-03-12 22:07:37, MOVE, v:1, k:ed@pintando, mode:DOWN
2026-03-12 22:07:38, MOVE, v:1, k:ed@pintando, mode:DOWN
2026-03-12 22:07:39, MOVE, v:1, k:ed@pintando, mode:DOWN
2026-03-12 22:08:31, MOVE, v:1, k:ed@pintando, mode:DOWN
2026-03-12 22:08:41, MOVE, v:1, k:ed@pintando, mode:PICK
2026-03-12 22:08:42, EXEC, v:1, k:ed@pintando, mode:FULL, rate:0, size:5
2026-03-12 22:08:59, MOVE, v:1, k:ed@pintando, mode:BACK
2026-03-12 22:09:00, MOVE, v:1, k:ed@pintando, mode:PICK
2026-03-12 22:09:01, EXEC, v:1, k:ed@pintando, mode:FULL, rate:0
2026-03-12 22:09:10, EXEC, v:1, k:ed@pintando, mode:FULL, rate:0
2026-03-12 22:09:23, EXEC, v:1, k:ed@pintando, mode:FULL, rate:0
2026-03-12 22:09:25, EXEC, v:1, k:ed@pintando, mode:FULL, rate:0
2026-03-12 22:09:27, MOVE, v:1, k:ed@pintando, mode:BACK
2026-03-12 22:09:52, MOVE, v:1, k:ed@pintando, mode:PICK
2026-03-12 22:09:53, EXEC, v:1, k:ed@pintando, mode:FULL, rate:100, size:23
