2026-03-30 14:36:24, MOVE, v:1, k:ed@princesa, mode:PICK
2026-03-30 14:36:54, MOVE, v:1, k:ed@princesa, mode:BACK
2026-03-30 14:38:02, MOVE, v:1, k:ed@apagando, mode:DOWN
2026-03-30 14:38:44, MOVE, v:1, k:ed@apagando, mode:PICK
2026-03-30 14:52:21, EXEC, v:1, k:ed@apagando, mode:FULL, size:32, fail:COMP
2026-03-30 14:52:22, EXEC, v:1, k:ed@apagando, mode:FULL, fail:COMP
2026-03-30 14:52:23, EXEC, v:1, k:ed@apagando, mode:FULL, fail:COMP
2026-03-30 14:55:09, EXEC, v:1, k:ed@apagando, mode:FULL, rate:0, size:36
2026-03-30 14:56:03, EXEC, v:1, k:ed@apagando, mode:FULL, rate:0, size:36
2026-03-30 14:57:05, EXEC, v:1, k:ed@apagando, mode:FULL, rate:0, size:36
2026-03-30 15:02:08, EXEC, v:1, k:ed@apagando, mode:FULL, rate:0, size:35
2026-03-30 15:03:39, EXEC, v:1, k:ed@apagando, mode:FULL, rate:0, size:35
2026-03-30 15:04:06, EXEC, v:1, k:ed@apagando, mode:FULL, rate:0, size:35
2026-03-30 15:04:24, EXEC, v:1, k:ed@apagando, mode:FULL, rate:100, size:36
2026-03-30 15:04:35, EXEC, v:1, k:ed@apagando, mode:FULL, rate:100
2026-03-30 15:04:36, EXEC, v:1, k:ed@apagando, mode:FULL, rate:100
2026-03-30 15:05:54, SELF, v:1, k:ed@apagando, self:1, rate:100, study:30, friend:nao , refactor:1
2026-03-30 15:05:56, EXEC, v:1, k:ed@apagando, mode:FULL, rate:100
2026-03-30 15:05:56, EXEC, v:1, k:ed@apagando, mode:FULL, rate:100
2026-03-30 15:05:57, EXEC, v:1, k:ed@apagando, mode:FULL, rate:100
2026-03-30 15:05:57, EXEC, v:1, k:ed@apagando, mode:FULL, rate:100
2026-03-30 15:05:59, MOVE, v:1, k:ed@apagando, mode:BACK
2026-03-30 15:06:08, MOVE, v:1, k:ed@manipulacao, mode:DOWN
2026-03-30 15:06:14, MOVE, v:1, k:ed@apagando, mode:PICK
2026-03-30 15:06:16, EXEC, v:1, k:ed@apagando, mode:FULL, rate:100
2026-03-30 15:06:24, SELF, v:1, k:ed@apagando, self:1, rate:100, study:30, friend:nao , code:1
2026-03-30 15:06:26, MOVE, v:1, k:ed@apagando, mode:BACK
2026-03-30 15:06:31, MOVE, v:1, k:ed@manipulacao, mode:PICK
2026-03-30 15:07:29, EXEC, v:1, k:ed@manipulacao, mode:FULL, rate:0, size:106
2026-03-30 15:26:13, EXEC, v:1, k:ed@manipulacao, mode:FULL, size:114, fail:COMP
2026-03-30 15:26:13, EXEC, v:1, k:ed@manipulacao, mode:FULL, size:114, fail:COMP
2026-03-30 15:26:15, EXEC, v:1, k:ed@manipulacao, mode:FULL, size:114, fail:COMP
2026-03-30 15:26:15, EXEC, v:1, k:ed@manipulacao, mode:FULL, fail:COMP
2026-03-30 15:26:15, EXEC, v:1, k:ed@manipulacao, mode:FULL, fail:COMP
2026-03-30 15:34:58, EXEC, v:1, k:ed@manipulacao, mode:FULL, rate:57, size:185
2026-03-30 15:37:54, EXEC, v:1, k:ed@manipulacao, mode:FULL, rate:85, size:186
2026-03-30 15:37:57, EXEC, v:1, k:ed@manipulacao, mode:FULL, rate:85
2026-03-30 15:38:12, MOVE, v:1, k:ed@manipulacao, mode:PICK
2026-03-30 15:38:13, EXEC, v:1, k:ed@manipulacao, mode:FULL, rate:85
2026-03-30 15:39:17, EXEC, v:1, k:ed@manipulacao, mode:FULL, rate:85
2026-03-30 15:39:42, MOVE, v:1, k:ed@manipulacao, mode:PICK
2026-03-30 15:39:43, EXEC, v:1, k:ed@manipulacao, mode:FULL, rate:85
2026-03-30 15:39:45, EXEC, v:1, k:ed@manipulacao, mode:FULL, rate:85
2026-03-30 15:39:49, EXEC, v:1, k:ed@manipulacao, mode:FULL, rate:85
2026-03-30 15:39:51, EXEC, v:1, k:ed@manipulacao, mode:FULL, rate:85
2026-03-30 15:41:00, EXEC, v:1, k:ed@manipulacao, mode:FULL, rate:85
2026-03-30 15:41:01, MOVE, v:1, k:ed@manipulacao, mode:BACK
2026-03-30 15:41:02, MOVE, v:1, k:ed@manipulacao, mode:PICK
2026-03-30 15:41:02, MOVE, v:1, k:ed@manipulacao, mode:BACK
2026-03-30 15:56:44, MOVE, v:1, k:ed@manipulacao, mode:PICK
2026-03-30 15:56:46, EXEC, v:1, k:ed@manipulacao, mode:FULL, rate:85
2026-03-30 15:57:13, MOVE, v:1, k:ed@manipulacao, mode:PICK
2026-03-30 15:57:15, EXEC, v:1, k:ed@manipulacao, mode:FULL, rate:85
2026-03-30 15:59:53, MOVE, v:1, k:ed@manipulacao, mode:BACK
2026-03-30 15:59:56, MOVE, v:1, k:ed@princesa, mode:PICK
2026-03-30 16:04:49, EXEC, v:1, k:ed@princesa, mode:FULL, rate:100, size:47
2026-03-30 16:04:51, EXEC, v:1, k:ed@princesa, mode:FULL, rate:100
2026-03-30 16:05:11, SELF, v:1, k:ed@princesa, self:1, rate:100, concept:1, code:1
2026-03-30 16:05:16, SELF, v:1, k:ed@princesa, self:1, rate:100, concept:1, code:1
2026-03-30 16:05:17, MOVE, v:1, k:ed@princesa, mode:BACK
2026-03-30 16:05:40, SELF, v:1, k:ed@manipulacao, self:1, rate:80, concept:1, code:1
2026-03-30 16:06:38, MOVE, v:1, k:ed@princesa, mode:PICK
2026-03-30 16:06:39, EXEC, v:1, k:ed@princesa, mode:FULL, rate:0, size:47
2026-03-30 16:06:43, EXEC, v:1, k:ed@princesa, mode:FULL, rate:0
2026-03-30 16:06:43, EXEC, v:1, k:ed@princesa, mode:FULL, rate:0
2026-03-30 16:06:49, EXEC, v:1, k:ed@princesa, mode:FULL, rate:100, size:47
2026-03-30 16:06:50, EXEC, v:1, k:ed@princesa, mode:FULL, rate:100
2026-03-30 16:22:13, MOVE, v:1, k:ed@manipulacao, mode:PICK
2026-03-30 16:22:14, EXEC, v:1, k:ed@manipulacao, mode:FULL, rate:85
2026-03-30 16:27:38, EXEC, v:1, k:ed@manipulacao, mode:FULL, rate:85, size:175
2026-03-30 16:27:40, EXEC, v:1, k:ed@manipulacao, mode:FULL, rate:85
2026-03-30 16:27:41, EXEC, v:1, k:ed@manipulacao, mode:FULL, rate:85
2026-03-30 16:28:04, EXEC, v:1, k:ed@manipulacao, mode:FULL, rate:85
2026-03-30 16:28:04, EXEC, v:1, k:ed@manipulacao, mode:FULL, rate:85
2026-03-30 16:28:05, EXEC, v:1, k:ed@manipulacao, mode:FULL, rate:85
2026-03-30 16:29:33, EXEC, v:1, k:ed@manipulacao, mode:FULL, rate:85, size:185
